::1 - - [Wed, 27 May 2015 05:49:29 GMT] "GET /logout HTTP/1.1" 302 58 "http://localhost:3000/u/virgil/2015-5-27/fsdfsf" "Mozilla/5.0 (Macintosh; Intel Mac OS X 10_10_3) AppleWebKit/537.36 (KHTML, like Gecko) Chrome/42.0.2311.90 Safari/537.36"
::1 - - [Wed, 27 May 2015 05:49:29 GMT] "GET / HTTP/1.1" 200 1855 "http://localhost:3000/u/virgil/2015-5-27/fsdfsf" "Mozilla/5.0 (Macintosh; Intel Mac OS X 10_10_3) AppleWebKit/537.36 (KHTML, like Gecko) Chrome/42.0.2311.90 Safari/537.36"
::1 - - [Wed, 27 May 2015 05:49:29 GMT] "GET /stylesheets/style.css HTTP/1.1" 304 - "http://localhost:3000/" "Mozilla/5.0 (Macintosh; Intel Mac OS X 10_10_3) AppleWebKit/537.36 (KHTML, like Gecko) Chrome/42.0.2311.90 Safari/537.36"
::1 - - [Wed, 27 May 2015 05:49:35 GMT] "GET / HTTP/1.1" 200 1817 "http://localhost:3000/" "Mozilla/5.0 (Macintosh; Intel Mac OS X 10_10_3) AppleWebKit/537.36 (KHTML, like Gecko) Chrome/42.0.2311.90 Safari/537.36"
::1 - - [Wed, 27 May 2015 05:49:36 GMT] "GET /stylesheets/style.css HTTP/1.1" 304 - "http://localhost:3000/" "Mozilla/5.0 (Macintosh; Intel Mac OS X 10_10_3) AppleWebKit/537.36 (KHTML, like Gecko) Chrome/42.0.2311.90 Safari/537.36"
::1 - - [Wed, 27 May 2015 05:49:40 GMT] "GET /u/virgil/2015-5-27/fsdfsf HTTP/1.1" 200 1456 "http://localhost:3000/" "Mozilla/5.0 (Macintosh; Intel Mac OS X 10_10_3) AppleWebKit/537.36 (KHTML, like Gecko) Chrome/42.0.2311.90 Safari/537.36"
::1 - - [Wed, 27 May 2015 05:49:40 GMT] "GET /stylesheets/style.css HTTP/1.1" 304 - "http://localhost:3000/u/virgil/2015-5-27/fsdfsf" "Mozilla/5.0 (Macintosh; Intel Mac OS X 10_10_3) AppleWebKit/537.36 (KHTML, like Gecko) Chrome/42.0.2311.90 Safari/537.36"
::1 - - [Wed, 27 May 2015 05:50:31 GMT] "GET / HTTP/1.1" 200 1817 "http://localhost:3000/u/virgil/2015-5-27/fsdfsf" "Mozilla/5.0 (Macintosh; Intel Mac OS X 10_10_3) AppleWebKit/537.36 (KHTML, like Gecko) Chrome/42.0.2311.90 Safari/537.36"
::1 - - [Wed, 27 May 2015 05:50:31 GMT] "GET /stylesheets/style.css HTTP/1.1" 304 - "http://localhost:3000/" "Mozilla/5.0 (Macintosh; Intel Mac OS X 10_10_3) AppleWebKit/537.36 (KHTML, like Gecko) Chrome/42.0.2311.90 Safari/537.36"
::1 - - [Wed, 27 May 2015 06:17:27 GMT] "GET / HTTP/1.1" 304 - "http://localhost:3000/" "Mozilla/5.0 (Macintosh; Intel Mac OS X 10_10_3) AppleWebKit/537.36 (KHTML, like Gecko) Chrome/42.0.2311.90 Safari/537.36"
::1 - - [Wed, 27 May 2015 06:17:27 GMT] "GET /stylesheets/style.css HTTP/1.1" 304 - "http://localhost:3000/" "Mozilla/5.0 (Macintosh; Intel Mac OS X 10_10_3) AppleWebKit/537.36 (KHTML, like Gecko) Chrome/42.0.2311.90 Safari/537.36"
::1 - - [Wed, 27 May 2015 06:17:29 GMT] "GET /u/virgil/2015-5-27/fsdfsf HTTP/1.1" 200 1456 "http://localhost:3000/" "Mozilla/5.0 (Macintosh; Intel Mac OS X 10_10_3) AppleWebKit/537.36 (KHTML, like Gecko) Chrome/42.0.2311.90 Safari/537.36"
::1 - - [Wed, 27 May 2015 06:17:29 GMT] "GET /stylesheets/style.css HTTP/1.1" 304 - "http://localhost:3000/u/virgil/2015-5-27/fsdfsf" "Mozilla/5.0 (Macintosh; Intel Mac OS X 10_10_3) AppleWebKit/537.36 (KHTML, like Gecko) Chrome/42.0.2311.90 Safari/537.36"
::1 - - [Wed, 27 May 2015 06:17:36 GMT] "GET /tags HTTP/1.1" 200 889 "http://localhost:3000/u/virgil/2015-5-27/fsdfsf" "Mozilla/5.0 (Macintosh; Intel Mac OS X 10_10_3) AppleWebKit/537.36 (KHTML, like Gecko) Chrome/42.0.2311.90 Safari/537.36"
::1 - - [Wed, 27 May 2015 06:17:36 GMT] "GET /stylesheets/style.css HTTP/1.1" 304 - "http://localhost:3000/tags" "Mozilla/5.0 (Macintosh; Intel Mac OS X 10_10_3) AppleWebKit/537.36 (KHTML, like Gecko) Chrome/42.0.2311.90 Safari/537.36"
::1 - - [Wed, 27 May 2015 06:17:37 GMT] "GET /tags/sad HTTP/1.1" 200 941 "http://localhost:3000/tags" "Mozilla/5.0 (Macintosh; Intel Mac OS X 10_10_3) AppleWebKit/537.36 (KHTML, like Gecko) Chrome/42.0.2311.90 Safari/537.36"
::1 - - [Wed, 27 May 2015 06:17:37 GMT] "GET /stylesheets/style.css HTTP/1.1" 304 - "http://localhost:3000/tags/sad" "Mozilla/5.0 (Macintosh; Intel Mac OS X 10_10_3) AppleWebKit/537.36 (KHTML, like Gecko) Chrome/42.0.2311.90 Safari/537.36"
::1 - - [Wed, 27 May 2015 06:17:39 GMT] "GET /u/admin/2015-5-27/asdd HTTP/1.1" 200 1722 "http://localhost:3000/tags/sad" "Mozilla/5.0 (Macintosh; Intel Mac OS X 10_10_3) AppleWebKit/537.36 (KHTML, like Gecko) Chrome/42.0.2311.90 Safari/537.36"
::1 - - [Wed, 27 May 2015 06:17:39 GMT] "GET /stylesheets/style.css HTTP/1.1" 304 - "http://localhost:3000/u/admin/2015-5-27/asdd" "Mozilla/5.0 (Macintosh; Intel Mac OS X 10_10_3) AppleWebKit/537.36 (KHTML, like Gecko) Chrome/42.0.2311.90 Safari/537.36"
::1 - - [Wed, 27 May 2015 06:17:42 GMT] "GET /login HTTP/1.1" 200 957 "http://localhost:3000/u/admin/2015-5-27/asdd" "Mozilla/5.0 (Macintosh; Intel Mac OS X 10_10_3) AppleWebKit/537.36 (KHTML, like Gecko) Chrome/42.0.2311.90 Safari/537.36"
::1 - - [Wed, 27 May 2015 06:17:42 GMT] "GET /stylesheets/style.css HTTP/1.1" 304 - "http://localhost:3000/login" "Mozilla/5.0 (Macintosh; Intel Mac OS X 10_10_3) AppleWebKit/537.36 (KHTML, like Gecko) Chrome/42.0.2311.90 Safari/537.36"
::1 - - [Wed, 27 May 2015 06:17:43 GMT] "GET /reg HTTP/1.1" 200 1092 "http://localhost:3000/login" "Mozilla/5.0 (Macintosh; Intel Mac OS X 10_10_3) AppleWebKit/537.36 (KHTML, like Gecko) Chrome/42.0.2311.90 Safari/537.36"
::1 - - [Wed, 27 May 2015 06:17:43 GMT] "GET /stylesheets/style.css HTTP/1.1" 304 - "http://localhost:3000/reg" "Mozilla/5.0 (Macintosh; Intel Mac OS X 10_10_3) AppleWebKit/537.36 (KHTML, like Gecko) Chrome/42.0.2311.90 Safari/537.36"
::1 - - [Wed, 27 May 2015 06:17:53 GMT] "GET /search?keyword=aaa HTTP/1.1" 200 810 "http://localhost:3000/reg" "Mozilla/5.0 (Macintosh; Intel Mac OS X 10_10_3) AppleWebKit/537.36 (KHTML, like Gecko) Chrome/42.0.2311.90 Safari/537.36"
::1 - - [Wed, 27 May 2015 06:17:53 GMT] "GET /stylesheets/style.css HTTP/1.1" 304 - "http://localhost:3000/search?keyword=aaa" "Mozilla/5.0 (Macintosh; Intel Mac OS X 10_10_3) AppleWebKit/537.36 (KHTML, like Gecko) Chrome/42.0.2311.90 Safari/537.36"
::1 - - [Thu, 28 May 2015 06:00:19 GMT] "GET / HTTP/1.1" 200 1888 "-" "Mozilla/5.0 (Macintosh; Intel Mac OS X 10_10_3) AppleWebKit/537.36 (KHTML, like Gecko) Chrome/42.0.2311.90 Safari/537.36"
::1 - - [Thu, 28 May 2015 06:00:19 GMT] "GET /stylesheets/style.css HTTP/1.1" 200 2273 "http://localhost:3000/" "Mozilla/5.0 (Macintosh; Intel Mac OS X 10_10_3) AppleWebKit/537.36 (KHTML, like Gecko) Chrome/42.0.2311.90 Safari/537.36"
::1 - - [Thu, 28 May 2015 06:00:21 GMT] "GET / HTTP/1.1" 304 - "http://localhost:3000/" "Mozilla/5.0 (Macintosh; Intel Mac OS X 10_10_3) AppleWebKit/537.36 (KHTML, like Gecko) Chrome/42.0.2311.90 Safari/537.36"
::1 - - [Thu, 28 May 2015 06:00:22 GMT] "GET /stylesheets/style.css HTTP/1.1" 304 - "http://localhost:3000/" "Mozilla/5.0 (Macintosh; Intel Mac OS X 10_10_3) AppleWebKit/537.36 (KHTML, like Gecko) Chrome/42.0.2311.90 Safari/537.36"
::1 - - [Thu, 28 May 2015 06:00:38 GMT] "GET /u/admin HTTP/1.1" 200 1380 "http://localhost:3000/" "Mozilla/5.0 (Macintosh; Intel Mac OS X 10_10_3) AppleWebKit/537.36 (KHTML, like Gecko) Chrome/42.0.2311.90 Safari/537.36"
::1 - - [Thu, 28 May 2015 06:00:38 GMT] "GET /stylesheets/style.css HTTP/1.1" 304 - "http://localhost:3000/u/admin" "Mozilla/5.0 (Macintosh; Intel Mac OS X 10_10_3) AppleWebKit/537.36 (KHTML, like Gecko) Chrome/42.0.2311.90 Safari/537.36"
::1 - - [Thu, 28 May 2015 06:00:40 GMT] "GET /u/admin HTTP/1.1" 304 - "http://localhost:3000/u/admin" "Mozilla/5.0 (Macintosh; Intel Mac OS X 10_10_3) AppleWebKit/537.36 (KHTML, like Gecko) Chrome/42.0.2311.90 Safari/537.36"
::1 - - [Thu, 28 May 2015 06:00:40 GMT] "GET /stylesheets/style.css HTTP/1.1" 304 - "http://localhost:3000/u/admin" "Mozilla/5.0 (Macintosh; Intel Mac OS X 10_10_3) AppleWebKit/537.36 (KHTML, like Gecko) Chrome/42.0.2311.90 Safari/537.36"
::1 - - [Thu, 28 May 2015 06:00:42 GMT] "GET /u/admin/2015-5-27/asdd HTTP/1.1" 200 1793 "http://localhost:3000/u/admin" "Mozilla/5.0 (Macintosh; Intel Mac OS X 10_10_3) AppleWebKit/537.36 (KHTML, like Gecko) Chrome/42.0.2311.90 Safari/537.36"
::1 - - [Thu, 28 May 2015 06:00:42 GMT] "GET /stylesheets/style.css HTTP/1.1" 304 - "http://localhost:3000/u/admin/2015-5-27/asdd" "Mozilla/5.0 (Macintosh; Intel Mac OS X 10_10_3) AppleWebKit/537.36 (KHTML, like Gecko) Chrome/42.0.2311.90 Safari/537.36"
::1 - - [Thu, 28 May 2015 06:00:52 GMT] "GET /archive HTTP/1.1" 200 1118 "http://localhost:3000/u/admin/2015-5-27/asdd" "Mozilla/5.0 (Macintosh; Intel Mac OS X 10_10_3) AppleWebKit/537.36 (KHTML, like Gecko) Chrome/42.0.2311.90 Safari/537.36"
::1 - - [Thu, 28 May 2015 06:00:52 GMT] "GET /stylesheets/style.css HTTP/1.1" 304 - "http://localhost:3000/archive" "Mozilla/5.0 (Macintosh; Intel Mac OS X 10_10_3) AppleWebKit/537.36 (KHTML, like Gecko) Chrome/42.0.2311.90 Safari/537.36"
::1 - - [Thu, 28 May 2015 06:10:15 GMT] "GET / HTTP/1.1" 200 1888 "http://localhost:3000/archive" "Mozilla/5.0 (Macintosh; Intel Mac OS X 10_10_3) AppleWebKit/537.36 (KHTML, like Gecko) Chrome/42.0.2311.90 Safari/537.36"
::1 - - [Thu, 28 May 2015 06:10:15 GMT] "GET /stylesheets/style.css HTTP/1.1" 304 - "http://localhost:3000/" "Mozilla/5.0 (Macintosh; Intel Mac OS X 10_10_3) AppleWebKit/537.36 (KHTML, like Gecko) Chrome/42.0.2311.90 Safari/537.36"
::1 - - [Thu, 28 May 2015 06:15:32 GMT] "GET /u/virgil/2015-5-27/fsdfsf HTTP/1.1" 200 1527 "http://localhost:3000/" "Mozilla/5.0 (Macintosh; Intel Mac OS X 10_10_3) AppleWebKit/537.36 (KHTML, like Gecko) Chrome/42.0.2311.90 Safari/537.36"
::1 - - [Thu, 28 May 2015 06:15:32 GMT] "GET /stylesheets/style.css HTTP/1.1" 304 - "http://localhost:3000/u/virgil/2015-5-27/fsdfsf" "Mozilla/5.0 (Macintosh; Intel Mac OS X 10_10_3) AppleWebKit/537.36 (KHTML, like Gecko) Chrome/42.0.2311.90 Safari/537.36"
::1 - - [Thu, 28 May 2015 06:15:35 GMT] "GET / HTTP/1.1" 200 1889 "http://localhost:3000/u/virgil/2015-5-27/fsdfsf" "Mozilla/5.0 (Macintosh; Intel Mac OS X 10_10_3) AppleWebKit/537.36 (KHTML, like Gecko) Chrome/42.0.2311.90 Safari/537.36"
::1 - - [Thu, 28 May 2015 06:15:35 GMT] "GET /stylesheets/style.css HTTP/1.1" 304 - "http://localhost:3000/" "Mozilla/5.0 (Macintosh; Intel Mac OS X 10_10_3) AppleWebKit/537.36 (KHTML, like Gecko) Chrome/42.0.2311.90 Safari/537.36"
::1 - - [Thu, 28 May 2015 06:15:38 GMT] "GET /archive HTTP/1.1" 304 - "http://localhost:3000/" "Mozilla/5.0 (Macintosh; Intel Mac OS X 10_10_3) AppleWebKit/537.36 (KHTML, like Gecko) Chrome/42.0.2311.90 Safari/537.36"
::1 - - [Thu, 28 May 2015 06:15:38 GMT] "GET /stylesheets/style.css HTTP/1.1" 304 - "http://localhost:3000/archive" "Mozilla/5.0 (Macintosh; Intel Mac OS X 10_10_3) AppleWebKit/537.36 (KHTML, like Gecko) Chrome/42.0.2311.90 Safari/537.36"
::1 - - [Thu, 28 May 2015 06:15:39 GMT] "GET /tags HTTP/1.1" 200 960 "http://localhost:3000/archive" "Mozilla/5.0 (Macintosh; Intel Mac OS X 10_10_3) AppleWebKit/537.36 (KHTML, like Gecko) Chrome/42.0.2311.90 Safari/537.36"
::1 - - [Thu, 28 May 2015 06:15:39 GMT] "GET /stylesheets/style.css HTTP/1.1" 304 - "http://localhost:3000/tags" "Mozilla/5.0 (Macintosh; Intel Mac OS X 10_10_3) AppleWebKit/537.36 (KHTML, like Gecko) Chrome/42.0.2311.90 Safari/537.36"
::1 - - [Thu, 28 May 2015 06:15:40 GMT] "GET /links HTTP/1.1" 200 1188 "http://localhost:3000/tags" "Mozilla/5.0 (Macintosh; Intel Mac OS X 10_10_3) AppleWebKit/537.36 (KHTML, like Gecko) Chrome/42.0.2311.90 Safari/537.36"
::1 - - [Thu, 28 May 2015 06:15:40 GMT] "GET /stylesheets/style.css HTTP/1.1" 304 - "http://localhost:3000/links" "Mozilla/5.0 (Macintosh; Intel Mac OS X 10_10_3) AppleWebKit/537.36 (KHTML, like Gecko) Chrome/42.0.2311.90 Safari/537.36"
::1 - - [Thu, 28 May 2015 06:16:20 GMT] "GET / HTTP/1.1" 304 - "http://localhost:3000/links" "Mozilla/5.0 (Macintosh; Intel Mac OS X 10_10_3) AppleWebKit/537.36 (KHTML, like Gecko) Chrome/42.0.2311.90 Safari/537.36"
::1 - - [Thu, 28 May 2015 06:16:20 GMT] "GET /stylesheets/style.css HTTP/1.1" 304 - "http://localhost:3000/" "Mozilla/5.0 (Macintosh; Intel Mac OS X 10_10_3) AppleWebKit/537.36 (KHTML, like Gecko) Chrome/42.0.2311.90 Safari/537.36"
::1 - - [Thu, 28 May 2015 06:16:54 GMT] "GET / HTTP/1.1" 304 - "http://localhost:3000/links" "Mozilla/5.0 (Macintosh; Intel Mac OS X 10_10_3) AppleWebKit/537.36 (KHTML, like Gecko) Chrome/42.0.2311.90 Safari/537.36"
::1 - - [Thu, 28 May 2015 06:16:54 GMT] "GET /stylesheets/style.css HTTP/1.1" 304 - "http://localhost:3000/" "Mozilla/5.0 (Macintosh; Intel Mac OS X 10_10_3) AppleWebKit/537.36 (KHTML, like Gecko) Chrome/42.0.2311.90 Safari/537.36"
::1 - - [Thu, 28 May 2015 06:17:41 GMT] "GET /u/admin HTTP/1.1" 200 1380 "http://localhost:3000/" "Mozilla/5.0 (Macintosh; Intel Mac OS X 10_10_3) AppleWebKit/537.36 (KHTML, like Gecko) Chrome/42.0.2311.90 Safari/537.36"
::1 - - [Thu, 28 May 2015 06:17:41 GMT] "GET /stylesheets/style.css HTTP/1.1" 304 - "http://localhost:3000/u/admin" "Mozilla/5.0 (Macintosh; Intel Mac OS X 10_10_3) AppleWebKit/537.36 (KHTML, like Gecko) Chrome/42.0.2311.90 Safari/537.36"
::1 - - [Thu, 28 May 2015 06:17:56 GMT] "GET /u/admin/2015-5-27/asdd HTTP/1.1" 200 1793 "http://localhost:3000/u/admin" "Mozilla/5.0 (Macintosh; Intel Mac OS X 10_10_3) AppleWebKit/537.36 (KHTML, like Gecko) Chrome/42.0.2311.90 Safari/537.36"
::1 - - [Thu, 28 May 2015 06:17:56 GMT] "GET /stylesheets/style.css HTTP/1.1" 304 - "http://localhost:3000/u/admin/2015-5-27/asdd" "Mozilla/5.0 (Macintosh; Intel Mac OS X 10_10_3) AppleWebKit/537.36 (KHTML, like Gecko) Chrome/42.0.2311.90 Safari/537.36"
::1 - - [Thu, 28 May 2015 06:29:31 GMT] "GET / HTTP/1.1" 200 1889 "http://localhost:3000/u/admin/2015-5-27/asdd" "Mozilla/5.0 (Macintosh; Intel Mac OS X 10_10_3) AppleWebKit/537.36 (KHTML, like Gecko) Chrome/42.0.2311.90 Safari/537.36"
::1 - - [Thu, 28 May 2015 06:29:31 GMT] "GET /stylesheets/style.css HTTP/1.1" 304 - "http://localhost:3000/" "Mozilla/5.0 (Macintosh; Intel Mac OS X 10_10_3) AppleWebKit/537.36 (KHTML, like Gecko) Chrome/42.0.2311.90 Safari/537.36"
::1 - - [Thu, 28 May 2015 06:29:32 GMT] "GET /archive HTTP/1.1" 304 - "http://localhost:3000/" "Mozilla/5.0 (Macintosh; Intel Mac OS X 10_10_3) AppleWebKit/537.36 (KHTML, like Gecko) Chrome/42.0.2311.90 Safari/537.36"
::1 - - [Thu, 28 May 2015 06:29:32 GMT] "GET /stylesheets/style.css HTTP/1.1" 304 - "http://localhost:3000/archive" "Mozilla/5.0 (Macintosh; Intel Mac OS X 10_10_3) AppleWebKit/537.36 (KHTML, like Gecko) Chrome/42.0.2311.90 Safari/537.36"
::1 - - [Thu, 28 May 2015 06:29:33 GMT] "GET / HTTP/1.1" 304 - "http://localhost:3000/archive" "Mozilla/5.0 (Macintosh; Intel Mac OS X 10_10_3) AppleWebKit/537.36 (KHTML, like Gecko) Chrome/42.0.2311.90 Safari/537.36"
::1 - - [Thu, 28 May 2015 06:29:33 GMT] "GET /stylesheets/style.css HTTP/1.1" 304 - "http://localhost:3000/" "Mozilla/5.0 (Macintosh; Intel Mac OS X 10_10_3) AppleWebKit/537.36 (KHTML, like Gecko) Chrome/42.0.2311.90 Safari/537.36"
::1 - - [Thu, 28 May 2015 06:30:15 GMT] "GET /login HTTP/1.1" 200 1028 "http://localhost:3000/" "Mozilla/5.0 (Macintosh; Intel Mac OS X 10_10_3) AppleWebKit/537.36 (KHTML, like Gecko) Chrome/42.0.2311.90 Safari/537.36"
::1 - - [Thu, 28 May 2015 06:30:15 GMT] "GET /stylesheets/style.css HTTP/1.1" 304 - "http://localhost:3000/login" "Mozilla/5.0 (Macintosh; Intel Mac OS X 10_10_3) AppleWebKit/537.36 (KHTML, like Gecko) Chrome/42.0.2311.90 Safari/537.36"
::1 - - [Thu, 28 May 2015 06:30:16 GMT] "GET /reg HTTP/1.1" 200 1163 "http://localhost:3000/login" "Mozilla/5.0 (Macintosh; Intel Mac OS X 10_10_3) AppleWebKit/537.36 (KHTML, like Gecko) Chrome/42.0.2311.90 Safari/537.36"
::1 - - [Thu, 28 May 2015 06:30:17 GMT] "GET /stylesheets/style.css HTTP/1.1" 304 - "http://localhost:3000/reg" "Mozilla/5.0 (Macintosh; Intel Mac OS X 10_10_3) AppleWebKit/537.36 (KHTML, like Gecko) Chrome/42.0.2311.90 Safari/537.36"
::1 - - [Thu, 28 May 2015 06:30:18 GMT] "GET /links HTTP/1.1" 304 - "http://localhost:3000/reg" "Mozilla/5.0 (Macintosh; Intel Mac OS X 10_10_3) AppleWebKit/537.36 (KHTML, like Gecko) Chrome/42.0.2311.90 Safari/537.36"
::1 - - [Thu, 28 May 2015 06:30:18 GMT] "GET /stylesheets/style.css HTTP/1.1" 304 - "http://localhost:3000/links" "Mozilla/5.0 (Macintosh; Intel Mac OS X 10_10_3) AppleWebKit/537.36 (KHTML, like Gecko) Chrome/42.0.2311.90 Safari/537.36"
::1 - - [Thu, 28 May 2015 06:30:19 GMT] "GET /tags HTTP/1.1" 304 - "http://localhost:3000/links" "Mozilla/5.0 (Macintosh; Intel Mac OS X 10_10_3) AppleWebKit/537.36 (KHTML, like Gecko) Chrome/42.0.2311.90 Safari/537.36"
::1 - - [Thu, 28 May 2015 06:30:19 GMT] "GET /stylesheets/style.css HTTP/1.1" 304 - "http://localhost:3000/tags" "Mozilla/5.0 (Macintosh; Intel Mac OS X 10_10_3) AppleWebKit/537.36 (KHTML, like Gecko) Chrome/42.0.2311.90 Safari/537.36"
::1 - - [Thu, 28 May 2015 06:30:20 GMT] "GET /links HTTP/1.1" 304 - "http://localhost:3000/tags" "Mozilla/5.0 (Macintosh; Intel Mac OS X 10_10_3) AppleWebKit/537.36 (KHTML, like Gecko) Chrome/42.0.2311.90 Safari/537.36"
::1 - - [Thu, 28 May 2015 06:30:21 GMT] "GET /stylesheets/style.css HTTP/1.1" 304 - "http://localhost:3000/links" "Mozilla/5.0 (Macintosh; Intel Mac OS X 10_10_3) AppleWebKit/537.36 (KHTML, like Gecko) Chrome/42.0.2311.90 Safari/537.36"
::1 - - [Thu, 28 May 2015 06:35:01 GMT] "GET / HTTP/1.1" 304 - "-" "Mozilla/5.0 (Macintosh; Intel Mac OS X 10_10_3) AppleWebKit/537.36 (KHTML, like Gecko) Chrome/42.0.2311.90 Safari/537.36"
::1 - - [Thu, 28 May 2015 06:35:01 GMT] "GET /stylesheets/style.css HTTP/1.1" 304 - "http://localhost:3000/" "Mozilla/5.0 (Macintosh; Intel Mac OS X 10_10_3) AppleWebKit/537.36 (KHTML, like Gecko) Chrome/42.0.2311.90 Safari/537.36"
::1 - - [Thu, 28 May 2015 06:36:02 GMT] "GET / HTTP/1.1" 304 - "http://localhost:3000/" "Mozilla/5.0 (Macintosh; Intel Mac OS X 10_10_3) AppleWebKit/537.36 (KHTML, like Gecko) Chrome/42.0.2311.90 Safari/537.36"
::1 - - [Thu, 28 May 2015 06:36:02 GMT] "GET /stylesheets/style.css HTTP/1.1" 304 - "http://localhost:3000/" "Mozilla/5.0 (Macintosh; Intel Mac OS X 10_10_3) AppleWebKit/537.36 (KHTML, like Gecko) Chrome/42.0.2311.90 Safari/537.36"
::1 - - [Thu, 28 May 2015 06:36:24 GMT] "GET /u/admin HTTP/1.1" 200 1380 "http://localhost:3000/" "Mozilla/5.0 (Macintosh; Intel Mac OS X 10_10_3) AppleWebKit/537.36 (KHTML, like Gecko) Chrome/42.0.2311.90 Safari/537.36"
::1 - - [Thu, 28 May 2015 06:36:24 GMT] "GET /stylesheets/style.css HTTP/1.1" 304 - "http://localhost:3000/u/admin" "Mozilla/5.0 (Macintosh; Intel Mac OS X 10_10_3) AppleWebKit/537.36 (KHTML, like Gecko) Chrome/42.0.2311.90 Safari/537.36"
::1 - - [Thu, 28 May 2015 06:36:46 GMT] "GET /u/admin/2015-5-27/asdd HTTP/1.1" 200 1793 "http://localhost:3000/u/admin" "Mozilla/5.0 (Macintosh; Intel Mac OS X 10_10_3) AppleWebKit/537.36 (KHTML, like Gecko) Chrome/42.0.2311.90 Safari/537.36"
::1 - - [Thu, 28 May 2015 06:36:46 GMT] "GET /stylesheets/style.css HTTP/1.1" 304 - "http://localhost:3000/u/admin/2015-5-27/asdd" "Mozilla/5.0 (Macintosh; Intel Mac OS X 10_10_3) AppleWebKit/537.36 (KHTML, like Gecko) Chrome/42.0.2311.90 Safari/537.36"
::1 - - [Thu, 28 May 2015 06:36:49 GMT] "GET /login HTTP/1.1" 304 - "http://localhost:3000/u/admin/2015-5-27/asdd" "Mozilla/5.0 (Macintosh; Intel Mac OS X 10_10_3) AppleWebKit/537.36 (KHTML, like Gecko) Chrome/42.0.2311.90 Safari/537.36"
::1 - - [Thu, 28 May 2015 06:36:49 GMT] "GET /stylesheets/style.css HTTP/1.1" 304 - "http://localhost:3000/login" "Mozilla/5.0 (Macintosh; Intel Mac OS X 10_10_3) AppleWebKit/537.36 (KHTML, like Gecko) Chrome/42.0.2311.90 Safari/537.36"
::1 - - [Thu, 28 May 2015 06:40:39 GMT] "GET /login HTTP/1.1" 304 - "http://localhost:3000/u/admin/2015-5-27/asdd" "Mozilla/5.0 (Macintosh; Intel Mac OS X 10_10_3) AppleWebKit/537.36 (KHTML, like Gecko) Chrome/42.0.2311.90 Safari/537.36"
::1 - - [Thu, 28 May 2015 06:40:39 GMT] "GET /stylesheets/style.css HTTP/1.1" 304 - "http://localhost:3000/login" "Mozilla/5.0 (Macintosh; Intel Mac OS X 10_10_3) AppleWebKit/537.36 (KHTML, like Gecko) Chrome/42.0.2311.90 Safari/537.36"
::1 - - [Thu, 28 May 2015 06:40:40 GMT] "GET /login HTTP/1.1" 304 - "http://localhost:3000/u/admin/2015-5-27/asdd" "Mozilla/5.0 (Macintosh; Intel Mac OS X 10_10_3) AppleWebKit/537.36 (KHTML, like Gecko) Chrome/42.0.2311.90 Safari/537.36"
::1 - - [Thu, 28 May 2015 06:40:41 GMT] "GET /stylesheets/style.css HTTP/1.1" 304 - "http://localhost:3000/login" "Mozilla/5.0 (Macintosh; Intel Mac OS X 10_10_3) AppleWebKit/537.36 (KHTML, like Gecko) Chrome/42.0.2311.90 Safari/537.36"
::1 - - [Thu, 28 May 2015 06:40:50 GMT] "GET /login HTTP/1.1" 304 - "http://localhost:3000/u/admin/2015-5-27/asdd" "Mozilla/5.0 (Macintosh; Intel Mac OS X 10_10_3) AppleWebKit/537.36 (KHTML, like Gecko) Chrome/42.0.2311.90 Safari/537.36"
::1 - - [Thu, 28 May 2015 06:40:50 GMT] "GET /stylesheets/style.css HTTP/1.1" 304 - "http://localhost:3000/login" "Mozilla/5.0 (Macintosh; Intel Mac OS X 10_10_3) AppleWebKit/537.36 (KHTML, like Gecko) Chrome/42.0.2311.90 Safari/537.36"
::1 - - [Thu, 28 May 2015 06:44:11 GMT] "GET / HTTP/1.1" 200 1889 "http://localhost:3000/login" "Mozilla/5.0 (Macintosh; Intel Mac OS X 10_10_3) AppleWebKit/537.36 (KHTML, like Gecko) Chrome/42.0.2311.90 Safari/537.36"
::1 - - [Thu, 28 May 2015 06:44:11 GMT] "GET /stylesheets/style.css HTTP/1.1" 304 - "http://localhost:3000/" "Mozilla/5.0 (Macintosh; Intel Mac OS X 10_10_3) AppleWebKit/537.36 (KHTML, like Gecko) Chrome/42.0.2311.90 Safari/537.36"
::1 - - [Thu, 28 May 2015 06:54:25 GMT] "GET / HTTP/1.1" 304 - "http://localhost:3000/" "Mozilla/5.0 (Macintosh; Intel Mac OS X 10_10_3) AppleWebKit/537.36 (KHTML, like Gecko) Chrome/42.0.2311.90 Safari/537.36"
::1 - - [Thu, 28 May 2015 06:54:25 GMT] "GET /stylesheets/style.css HTTP/1.1" 304 - "http://localhost:3000/" "Mozilla/5.0 (Macintosh; Intel Mac OS X 10_10_3) AppleWebKit/537.36 (KHTML, like Gecko) Chrome/42.0.2311.90 Safari/537.36"
::1 - - [Thu, 28 May 2015 06:54:28 GMT] "GET /u/virgil/2015-5-27/fsdfsf HTTP/1.1" 200 1528 "http://localhost:3000/" "Mozilla/5.0 (Macintosh; Intel Mac OS X 10_10_3) AppleWebKit/537.36 (KHTML, like Gecko) Chrome/42.0.2311.90 Safari/537.36"
::1 - - [Thu, 28 May 2015 06:54:28 GMT] "GET /stylesheets/style.css HTTP/1.1" 304 - "http://localhost:3000/u/virgil/2015-5-27/fsdfsf" "Mozilla/5.0 (Macintosh; Intel Mac OS X 10_10_3) AppleWebKit/537.36 (KHTML, like Gecko) Chrome/42.0.2311.90 Safari/537.36"
::1 - - [Thu, 28 May 2015 06:54:38 GMT] "GET /links HTTP/1.1" 304 - "http://localhost:3000/u/virgil/2015-5-27/fsdfsf" "Mozilla/5.0 (Macintosh; Intel Mac OS X 10_10_3) AppleWebKit/537.36 (KHTML, like Gecko) Chrome/42.0.2311.90 Safari/537.36"
::1 - - [Thu, 28 May 2015 06:54:38 GMT] "GET /stylesheets/style.css HTTP/1.1" 304 - "http://localhost:3000/links" "Mozilla/5.0 (Macintosh; Intel Mac OS X 10_10_3) AppleWebKit/537.36 (KHTML, like Gecko) Chrome/42.0.2311.90 Safari/537.36"
::1 - - [Thu, 28 May 2015 06:54:40 GMT] "GET /tags HTTP/1.1" 304 - "http://localhost:3000/links" "Mozilla/5.0 (Macintosh; Intel Mac OS X 10_10_3) AppleWebKit/537.36 (KHTML, like Gecko) Chrome/42.0.2311.90 Safari/537.36"
::1 - - [Thu, 28 May 2015 06:54:40 GMT] "GET /stylesheets/style.css HTTP/1.1" 304 - "http://localhost:3000/tags" "Mozilla/5.0 (Macintosh; Intel Mac OS X 10_10_3) AppleWebKit/537.36 (KHTML, like Gecko) Chrome/42.0.2311.90 Safari/537.36"
::1 - - [Thu, 28 May 2015 06:54:43 GMT] "GET /archive HTTP/1.1" 304 - "http://localhost:3000/tags" "Mozilla/5.0 (Macintosh; Intel Mac OS X 10_10_3) AppleWebKit/537.36 (KHTML, like Gecko) Chrome/42.0.2311.90 Safari/537.36"
::1 - - [Thu, 28 May 2015 06:54:43 GMT] "GET /stylesheets/style.css HTTP/1.1" 304 - "http://localhost:3000/archive" "Mozilla/5.0 (Macintosh; Intel Mac OS X 10_10_3) AppleWebKit/537.36 (KHTML, like Gecko) Chrome/42.0.2311.90 Safari/537.36"
::1 - - [Thu, 28 May 2015 06:54:45 GMT] "GET / HTTP/1.1" 200 1889 "http://localhost:3000/archive" "Mozilla/5.0 (Macintosh; Intel Mac OS X 10_10_3) AppleWebKit/537.36 (KHTML, like Gecko) Chrome/42.0.2311.90 Safari/537.36"
::1 - - [Thu, 28 May 2015 06:54:45 GMT] "GET /stylesheets/style.css HTTP/1.1" 304 - "http://localhost:3000/" "Mozilla/5.0 (Macintosh; Intel Mac OS X 10_10_3) AppleWebKit/537.36 (KHTML, like Gecko) Chrome/42.0.2311.90 Safari/537.36"
::1 - - [Thu, 28 May 2015 06:57:16 GMT] "GET / HTTP/1.1" 304 - "-" "Mozilla/5.0 (Macintosh; Intel Mac OS X 10_10_3) AppleWebKit/537.36 (KHTML, like Gecko) Chrome/42.0.2311.90 Safari/537.36"
::1 - - [Thu, 28 May 2015 06:57:17 GMT] "GET /stylesheets/style.css HTTP/1.1" 304 - "http://localhost:3000/" "Mozilla/5.0 (Macintosh; Intel Mac OS X 10_10_3) AppleWebKit/537.36 (KHTML, like Gecko) Chrome/42.0.2311.90 Safari/537.36"
::1 - - [Thu, 28 May 2015 06:57:19 GMT] "GET / HTTP/1.1" 304 - "http://localhost:3000/" "Mozilla/5.0 (Macintosh; Intel Mac OS X 10_10_3) AppleWebKit/537.36 (KHTML, like Gecko) Chrome/42.0.2311.90 Safari/537.36"
::1 - - [Thu, 28 May 2015 06:57:19 GMT] "GET /stylesheets/style.css HTTP/1.1" 304 - "http://localhost:3000/" "Mozilla/5.0 (Macintosh; Intel Mac OS X 10_10_3) AppleWebKit/537.36 (KHTML, like Gecko) Chrome/42.0.2311.90 Safari/537.36"
::1 - - [Thu, 28 May 2015 06:57:21 GMT] "GET /u/virgil/2015-5-27/fsdfsf HTTP/1.1" 200 1528 "http://localhost:3000/" "Mozilla/5.0 (Macintosh; Intel Mac OS X 10_10_3) AppleWebKit/537.36 (KHTML, like Gecko) Chrome/42.0.2311.90 Safari/537.36"
::1 - - [Thu, 28 May 2015 06:57:21 GMT] "GET /stylesheets/style.css HTTP/1.1" 304 - "http://localhost:3000/u/virgil/2015-5-27/fsdfsf" "Mozilla/5.0 (Macintosh; Intel Mac OS X 10_10_3) AppleWebKit/537.36 (KHTML, like Gecko) Chrome/42.0.2311.90 Safari/537.36"
::1 - - [Thu, 28 May 2015 06:57:25 GMT] "GET /login HTTP/1.1" 304 - "http://localhost:3000/u/virgil/2015-5-27/fsdfsf" "Mozilla/5.0 (Macintosh; Intel Mac OS X 10_10_3) AppleWebKit/537.36 (KHTML, like Gecko) Chrome/42.0.2311.90 Safari/537.36"
::1 - - [Thu, 28 May 2015 06:57:25 GMT] "GET /stylesheets/style.css HTTP/1.1" 304 - "http://localhost:3000/login" "Mozilla/5.0 (Macintosh; Intel Mac OS X 10_10_3) AppleWebKit/537.36 (KHTML, like Gecko) Chrome/42.0.2311.90 Safari/537.36"
::1 - - [Thu, 28 May 2015 06:57:29 GMT] "GET / HTTP/1.1" 200 1889 "http://localhost:3000/login" "Mozilla/5.0 (Macintosh; Intel Mac OS X 10_10_3) AppleWebKit/537.36 (KHTML, like Gecko) Chrome/42.0.2311.90 Safari/537.36"
::1 - - [Thu, 28 May 2015 06:57:29 GMT] "GET /stylesheets/style.css HTTP/1.1" 304 - "http://localhost:3000/" "Mozilla/5.0 (Macintosh; Intel Mac OS X 10_10_3) AppleWebKit/537.36 (KHTML, like Gecko) Chrome/42.0.2311.90 Safari/537.36"
::1 - - [Thu, 28 May 2015 07:02:12 GMT] "GET /tags/sdfs HTTP/1.1" 200 1018 "http://localhost:3000/" "Mozilla/5.0 (Macintosh; Intel Mac OS X 10_10_3) AppleWebKit/537.36 (KHTML, like Gecko) Chrome/42.0.2311.90 Safari/537.36"
::1 - - [Thu, 28 May 2015 07:02:13 GMT] "GET /stylesheets/style.css HTTP/1.1" 304 - "http://localhost:3000/tags/sdfs" "Mozilla/5.0 (Macintosh; Intel Mac OS X 10_10_3) AppleWebKit/537.36 (KHTML, like Gecko) Chrome/42.0.2311.90 Safari/537.36"
::1 - - [Thu, 28 May 2015 07:02:15 GMT] "GET /u/virgil/2015-5-27/fsdfsf HTTP/1.1" 200 1528 "http://localhost:3000/tags/sdfs" "Mozilla/5.0 (Macintosh; Intel Mac OS X 10_10_3) AppleWebKit/537.36 (KHTML, like Gecko) Chrome/42.0.2311.90 Safari/537.36"
::1 - - [Thu, 28 May 2015 07:02:15 GMT] "GET /stylesheets/style.css HTTP/1.1" 304 - "http://localhost:3000/u/virgil/2015-5-27/fsdfsf" "Mozilla/5.0 (Macintosh; Intel Mac OS X 10_10_3) AppleWebKit/537.36 (KHTML, like Gecko) Chrome/42.0.2311.90 Safari/537.36"
::1 - - [Thu, 28 May 2015 07:02:18 GMT] "GET /u/virgil HTTP/1.1" 200 1382 "http://localhost:3000/u/virgil/2015-5-27/fsdfsf" "Mozilla/5.0 (Macintosh; Intel Mac OS X 10_10_3) AppleWebKit/537.36 (KHTML, like Gecko) Chrome/42.0.2311.90 Safari/537.36"
::1 - - [Thu, 28 May 2015 07:02:18 GMT] "GET /stylesheets/style.css HTTP/1.1" 304 - "http://localhost:3000/u/virgil" "Mozilla/5.0 (Macintosh; Intel Mac OS X 10_10_3) AppleWebKit/537.36 (KHTML, like Gecko) Chrome/42.0.2311.90 Safari/537.36"
::1 - - [Thu, 28 May 2015 07:02:20 GMT] "GET /u/virgil/2015-5-27/fsdfsf HTTP/1.1" 200 1528 "http://localhost:3000/u/virgil" "Mozilla/5.0 (Macintosh; Intel Mac OS X 10_10_3) AppleWebKit/537.36 (KHTML, like Gecko) Chrome/42.0.2311.90 Safari/537.36"
::1 - - [Thu, 28 May 2015 07:02:20 GMT] "GET /stylesheets/style.css HTTP/1.1" 304 - "http://localhost:3000/u/virgil/2015-5-27/fsdfsf" "Mozilla/5.0 (Macintosh; Intel Mac OS X 10_10_3) AppleWebKit/537.36 (KHTML, like Gecko) Chrome/42.0.2311.90 Safari/537.36"
::1 - - [Thu, 28 May 2015 07:02:22 GMT] "GET /tags HTTP/1.1" 304 - "http://localhost:3000/u/virgil/2015-5-27/fsdfsf" "Mozilla/5.0 (Macintosh; Intel Mac OS X 10_10_3) AppleWebKit/537.36 (KHTML, like Gecko) Chrome/42.0.2311.90 Safari/537.36"
::1 - - [Thu, 28 May 2015 07:02:22 GMT] "GET /stylesheets/style.css HTTP/1.1" 304 - "http://localhost:3000/tags" "Mozilla/5.0 (Macintosh; Intel Mac OS X 10_10_3) AppleWebKit/537.36 (KHTML, like Gecko) Chrome/42.0.2311.90 Safari/537.36"
::1 - - [Thu, 28 May 2015 07:02:23 GMT] "GET /archive HTTP/1.1" 304 - "http://localhost:3000/tags" "Mozilla/5.0 (Macintosh; Intel Mac OS X 10_10_3) AppleWebKit/537.36 (KHTML, like Gecko) Chrome/42.0.2311.90 Safari/537.36"
::1 - - [Thu, 28 May 2015 07:02:23 GMT] "GET /stylesheets/style.css HTTP/1.1" 304 - "http://localhost:3000/archive" "Mozilla/5.0 (Macintosh; Intel Mac OS X 10_10_3) AppleWebKit/537.36 (KHTML, like Gecko) Chrome/42.0.2311.90 Safari/537.36"
::1 - - [Thu, 28 May 2015 07:02:24 GMT] "GET / HTTP/1.1" 200 1889 "http://localhost:3000/archive" "Mozilla/5.0 (Macintosh; Intel Mac OS X 10_10_3) AppleWebKit/537.36 (KHTML, like Gecko) Chrome/42.0.2311.90 Safari/537.36"
::1 - - [Thu, 28 May 2015 07:02:24 GMT] "GET /stylesheets/style.css HTTP/1.1" 304 - "http://localhost:3000/" "Mozilla/5.0 (Macintosh; Intel Mac OS X 10_10_3) AppleWebKit/537.36 (KHTML, like Gecko) Chrome/42.0.2311.90 Safari/537.36"
::1 - - [Thu, 28 May 2015 07:02:26 GMT] "GET /tags HTTP/1.1" 304 - "http://localhost:3000/" "Mozilla/5.0 (Macintosh; Intel Mac OS X 10_10_3) AppleWebKit/537.36 (KHTML, like Gecko) Chrome/42.0.2311.90 Safari/537.36"
::1 - - [Thu, 28 May 2015 07:02:26 GMT] "GET /stylesheets/style.css HTTP/1.1" 304 - "http://localhost:3000/tags" "Mozilla/5.0 (Macintosh; Intel Mac OS X 10_10_3) AppleWebKit/537.36 (KHTML, like Gecko) Chrome/42.0.2311.90 Safari/537.36"
::1 - - [Thu, 28 May 2015 07:02:27 GMT] "GET /reg HTTP/1.1" 304 - "http://localhost:3000/tags" "Mozilla/5.0 (Macintosh; Intel Mac OS X 10_10_3) AppleWebKit/537.36 (KHTML, like Gecko) Chrome/42.0.2311.90 Safari/537.36"
::1 - - [Thu, 28 May 2015 07:02:27 GMT] "GET /stylesheets/style.css HTTP/1.1" 304 - "http://localhost:3000/reg" "Mozilla/5.0 (Macintosh; Intel Mac OS X 10_10_3) AppleWebKit/537.36 (KHTML, like Gecko) Chrome/42.0.2311.90 Safari/537.36"
::1 - - [Thu, 28 May 2015 07:02:28 GMT] "GET /links HTTP/1.1" 304 - "http://localhost:3000/reg" "Mozilla/5.0 (Macintosh; Intel Mac OS X 10_10_3) AppleWebKit/537.36 (KHTML, like Gecko) Chrome/42.0.2311.90 Safari/537.36"
::1 - - [Thu, 28 May 2015 07:02:28 GMT] "GET /stylesheets/style.css HTTP/1.1" 304 - "http://localhost:3000/links" "Mozilla/5.0 (Macintosh; Intel Mac OS X 10_10_3) AppleWebKit/537.36 (KHTML, like Gecko) Chrome/42.0.2311.90 Safari/537.36"
::1 - - [Thu, 28 May 2015 07:02:32 GMT] "GET /tags HTTP/1.1" 304 - "http://localhost:3000/links" "Mozilla/5.0 (Macintosh; Intel Mac OS X 10_10_3) AppleWebKit/537.36 (KHTML, like Gecko) Chrome/42.0.2311.90 Safari/537.36"
::1 - - [Thu, 28 May 2015 07:02:32 GMT] "GET /stylesheets/style.css HTTP/1.1" 304 - "http://localhost:3000/tags" "Mozilla/5.0 (Macintosh; Intel Mac OS X 10_10_3) AppleWebKit/537.36 (KHTML, like Gecko) Chrome/42.0.2311.90 Safari/537.36"
::1 - - [Thu, 28 May 2015 07:02:42 GMT] "GET / HTTP/1.1" 304 - "http://localhost:3000/tags" "Mozilla/5.0 (Macintosh; Intel Mac OS X 10_10_3) AppleWebKit/537.36 (KHTML, like Gecko) Chrome/42.0.2311.90 Safari/537.36"
::1 - - [Thu, 28 May 2015 07:02:42 GMT] "GET /stylesheets/style.css HTTP/1.1" 304 - "http://localhost:3000/" "Mozilla/5.0 (Macintosh; Intel Mac OS X 10_10_3) AppleWebKit/537.36 (KHTML, like Gecko) Chrome/42.0.2311.90 Safari/537.36"
::1 - - [Thu, 28 May 2015 07:02:43 GMT] "GET /tags HTTP/1.1" 304 - "http://localhost:3000/" "Mozilla/5.0 (Macintosh; Intel Mac OS X 10_10_3) AppleWebKit/537.36 (KHTML, like Gecko) Chrome/42.0.2311.90 Safari/537.36"
::1 - - [Thu, 28 May 2015 07:02:43 GMT] "GET /stylesheets/style.css HTTP/1.1" 304 - "http://localhost:3000/tags" "Mozilla/5.0 (Macintosh; Intel Mac OS X 10_10_3) AppleWebKit/537.36 (KHTML, like Gecko) Chrome/42.0.2311.90 Safari/537.36"
::1 - - [Thu, 28 May 2015 07:02:44 GMT] "GET /archive HTTP/1.1" 304 - "http://localhost:3000/tags" "Mozilla/5.0 (Macintosh; Intel Mac OS X 10_10_3) AppleWebKit/537.36 (KHTML, like Gecko) Chrome/42.0.2311.90 Safari/537.36"
::1 - - [Thu, 28 May 2015 07:02:44 GMT] "GET /stylesheets/style.css HTTP/1.1" 304 - "http://localhost:3000/archive" "Mozilla/5.0 (Macintosh; Intel Mac OS X 10_10_3) AppleWebKit/537.36 (KHTML, like Gecko) Chrome/42.0.2311.90 Safari/537.36"
::1 - - [Thu, 28 May 2015 07:02:45 GMT] "GET /links HTTP/1.1" 304 - "http://localhost:3000/archive" "Mozilla/5.0 (Macintosh; Intel Mac OS X 10_10_3) AppleWebKit/537.36 (KHTML, like Gecko) Chrome/42.0.2311.90 Safari/537.36"
::1 - - [Thu, 28 May 2015 07:02:45 GMT] "GET /stylesheets/style.css HTTP/1.1" 304 - "http://localhost:3000/links" "Mozilla/5.0 (Macintosh; Intel Mac OS X 10_10_3) AppleWebKit/537.36 (KHTML, like Gecko) Chrome/42.0.2311.90 Safari/537.36"
::1 - - [Thu, 28 May 2015 07:02:46 GMT] "GET /tags HTTP/1.1" 304 - "http://localhost:3000/links" "Mozilla/5.0 (Macintosh; Intel Mac OS X 10_10_3) AppleWebKit/537.36 (KHTML, like Gecko) Chrome/42.0.2311.90 Safari/537.36"
::1 - - [Thu, 28 May 2015 07:02:46 GMT] "GET /stylesheets/style.css HTTP/1.1" 304 - "http://localhost:3000/tags" "Mozilla/5.0 (Macintosh; Intel Mac OS X 10_10_3) AppleWebKit/537.36 (KHTML, like Gecko) Chrome/42.0.2311.90 Safari/537.36"
::1 - - [Thu, 28 May 2015 07:02:49 GMT] "GET /login HTTP/1.1" 304 - "http://localhost:3000/tags" "Mozilla/5.0 (Macintosh; Intel Mac OS X 10_10_3) AppleWebKit/537.36 (KHTML, like Gecko) Chrome/42.0.2311.90 Safari/537.36"
::1 - - [Thu, 28 May 2015 07:02:49 GMT] "GET /stylesheets/style.css HTTP/1.1" 304 - "http://localhost:3000/login" "Mozilla/5.0 (Macintosh; Intel Mac OS X 10_10_3) AppleWebKit/537.36 (KHTML, like Gecko) Chrome/42.0.2311.90 Safari/537.36"
::1 - - [Thu, 28 May 2015 07:02:50 GMT] "GET /reg HTTP/1.1" 304 - "http://localhost:3000/login" "Mozilla/5.0 (Macintosh; Intel Mac OS X 10_10_3) AppleWebKit/537.36 (KHTML, like Gecko) Chrome/42.0.2311.90 Safari/537.36"
::1 - - [Thu, 28 May 2015 07:02:50 GMT] "GET /stylesheets/style.css HTTP/1.1" 304 - "http://localhost:3000/reg" "Mozilla/5.0 (Macintosh; Intel Mac OS X 10_10_3) AppleWebKit/537.36 (KHTML, like Gecko) Chrome/42.0.2311.90 Safari/537.36"
::1 - - [Thu, 28 May 2015 07:02:52 GMT] "GET /tags HTTP/1.1" 304 - "http://localhost:3000/reg" "Mozilla/5.0 (Macintosh; Intel Mac OS X 10_10_3) AppleWebKit/537.36 (KHTML, like Gecko) Chrome/42.0.2311.90 Safari/537.36"
::1 - - [Thu, 28 May 2015 07:02:52 GMT] "GET /stylesheets/style.css HTTP/1.1" 304 - "http://localhost:3000/tags" "Mozilla/5.0 (Macintosh; Intel Mac OS X 10_10_3) AppleWebKit/537.36 (KHTML, like Gecko) Chrome/42.0.2311.90 Safari/537.36"
::1 - - [Thu, 28 May 2015 07:02:53 GMT] "GET / HTTP/1.1" 304 - "http://localhost:3000/tags" "Mozilla/5.0 (Macintosh; Intel Mac OS X 10_10_3) AppleWebKit/537.36 (KHTML, like Gecko) Chrome/42.0.2311.90 Safari/537.36"
::1 - - [Thu, 28 May 2015 07:02:53 GMT] "GET /stylesheets/style.css HTTP/1.1" 304 - "http://localhost:3000/" "Mozilla/5.0 (Macintosh; Intel Mac OS X 10_10_3) AppleWebKit/537.36 (KHTML, like Gecko) Chrome/42.0.2311.90 Safari/537.36"
::1 - - [Thu, 28 May 2015 07:02:54 GMT] "GET /archive HTTP/1.1" 304 - "http://localhost:3000/" "Mozilla/5.0 (Macintosh; Intel Mac OS X 10_10_3) AppleWebKit/537.36 (KHTML, like Gecko) Chrome/42.0.2311.90 Safari/537.36"
::1 - - [Thu, 28 May 2015 07:02:54 GMT] "GET /stylesheets/style.css HTTP/1.1" 304 - "http://localhost:3000/archive" "Mozilla/5.0 (Macintosh; Intel Mac OS X 10_10_3) AppleWebKit/537.36 (KHTML, like Gecko) Chrome/42.0.2311.90 Safari/537.36"
::1 - - [Thu, 28 May 2015 07:02:55 GMT] "GET /tags HTTP/1.1" 304 - "http://localhost:3000/archive" "Mozilla/5.0 (Macintosh; Intel Mac OS X 10_10_3) AppleWebKit/537.36 (KHTML, like Gecko) Chrome/42.0.2311.90 Safari/537.36"
::1 - - [Thu, 28 May 2015 07:02:55 GMT] "GET /stylesheets/style.css HTTP/1.1" 304 - "http://localhost:3000/tags" "Mozilla/5.0 (Macintosh; Intel Mac OS X 10_10_3) AppleWebKit/537.36 (KHTML, like Gecko) Chrome/42.0.2311.90 Safari/537.36"
::1 - - [Thu, 28 May 2015 07:02:56 GMT] "GET /links HTTP/1.1" 304 - "http://localhost:3000/tags" "Mozilla/5.0 (Macintosh; Intel Mac OS X 10_10_3) AppleWebKit/537.36 (KHTML, like Gecko) Chrome/42.0.2311.90 Safari/537.36"
::1 - - [Thu, 28 May 2015 07:02:56 GMT] "GET /stylesheets/style.css HTTP/1.1" 304 - "http://localhost:3000/links" "Mozilla/5.0 (Macintosh; Intel Mac OS X 10_10_3) AppleWebKit/537.36 (KHTML, like Gecko) Chrome/42.0.2311.90 Safari/537.36"
::1 - - [Thu, 28 May 2015 07:09:58 GMT] "GET /reg HTTP/1.1" 304 - "http://localhost:3000/links" "Mozilla/5.0 (Macintosh; Intel Mac OS X 10_10_3) AppleWebKit/537.36 (KHTML, like Gecko) Chrome/42.0.2311.90 Safari/537.36"
::1 - - [Thu, 28 May 2015 07:09:59 GMT] "GET /stylesheets/style.css HTTP/1.1" 304 - "http://localhost:3000/reg" "Mozilla/5.0 (Macintosh; Intel Mac OS X 10_10_3) AppleWebKit/537.36 (KHTML, like Gecko) Chrome/42.0.2311.90 Safari/537.36"
::1 - - [Thu, 28 May 2015 07:10:06 GMT] "GET / HTTP/1.1" 304 - "http://localhost:3000/reg" "Mozilla/5.0 (Macintosh; Intel Mac OS X 10_10_3) AppleWebKit/537.36 (KHTML, like Gecko) Chrome/42.0.2311.90 Safari/537.36"
::1 - - [Thu, 28 May 2015 07:10:06 GMT] "GET /stylesheets/style.css HTTP/1.1" 304 - "http://localhost:3000/" "Mozilla/5.0 (Macintosh; Intel Mac OS X 10_10_3) AppleWebKit/537.36 (KHTML, like Gecko) Chrome/42.0.2311.90 Safari/537.36"
::1 - - [Thu, 28 May 2015 07:12:40 GMT] "GET / HTTP/1.1" 304 - "http://localhost:3000/reg" "Mozilla/5.0 (Macintosh; Intel Mac OS X 10_10_3) AppleWebKit/537.36 (KHTML, like Gecko) Chrome/42.0.2311.90 Safari/537.36"
::1 - - [Thu, 28 May 2015 07:12:40 GMT] "GET /stylesheets/style.css HTTP/1.1" 304 - "http://localhost:3000/" "Mozilla/5.0 (Macintosh; Intel Mac OS X 10_10_3) AppleWebKit/537.36 (KHTML, like Gecko) Chrome/42.0.2311.90 Safari/537.36"
::1 - - [Thu, 28 May 2015 07:14:03 GMT] "GET / HTTP/1.1" 304 - "http://localhost:3000/reg" "Mozilla/5.0 (Macintosh; Intel Mac OS X 10_10_3) AppleWebKit/537.36 (KHTML, like Gecko) Chrome/42.0.2311.90 Safari/537.36"
::1 - - [Thu, 28 May 2015 07:14:03 GMT] "GET /stylesheets/style.css HTTP/1.1" 304 - "http://localhost:3000/" "Mozilla/5.0 (Macintosh; Intel Mac OS X 10_10_3) AppleWebKit/537.36 (KHTML, like Gecko) Chrome/42.0.2311.90 Safari/537.36"
::1 - - [Thu, 28 May 2015 07:14:27 GMT] "GET /u/virgil/2015-5-27/fsdfsf HTTP/1.1" 200 1528 "http://localhost:3000/" "Mozilla/5.0 (Macintosh; Intel Mac OS X 10_10_3) AppleWebKit/537.36 (KHTML, like Gecko) Chrome/42.0.2311.90 Safari/537.36"
::1 - - [Thu, 28 May 2015 07:14:27 GMT] "GET /stylesheets/style.css HTTP/1.1" 304 - "http://localhost:3000/u/virgil/2015-5-27/fsdfsf" "Mozilla/5.0 (Macintosh; Intel Mac OS X 10_10_3) AppleWebKit/537.36 (KHTML, like Gecko) Chrome/42.0.2311.90 Safari/537.36"
::1 - - [Thu, 28 May 2015 07:14:30 GMT] "GET / HTTP/1.1" 200 1889 "http://localhost:3000/u/virgil/2015-5-27/fsdfsf" "Mozilla/5.0 (Macintosh; Intel Mac OS X 10_10_3) AppleWebKit/537.36 (KHTML, like Gecko) Chrome/42.0.2311.90 Safari/537.36"
::1 - - [Thu, 28 May 2015 07:14:30 GMT] "GET /stylesheets/style.css HTTP/1.1" 304 - "http://localhost:3000/" "Mozilla/5.0 (Macintosh; Intel Mac OS X 10_10_3) AppleWebKit/537.36 (KHTML, like Gecko) Chrome/42.0.2311.90 Safari/537.36"
::1 - - [Thu, 28 May 2015 07:14:31 GMT] "GET /u/admin/2015-5-27/asdd HTTP/1.1" 200 1793 "http://localhost:3000/" "Mozilla/5.0 (Macintosh; Intel Mac OS X 10_10_3) AppleWebKit/537.36 (KHTML, like Gecko) Chrome/42.0.2311.90 Safari/537.36"
::1 - - [Thu, 28 May 2015 07:14:32 GMT] "GET /stylesheets/style.css HTTP/1.1" 304 - "http://localhost:3000/u/admin/2015-5-27/asdd" "Mozilla/5.0 (Macintosh; Intel Mac OS X 10_10_3) AppleWebKit/537.36 (KHTML, like Gecko) Chrome/42.0.2311.90 Safari/537.36"
::1 - - [Thu, 28 May 2015 07:14:47 GMT] "GET /login HTTP/1.1" 304 - "http://localhost:3000/u/admin/2015-5-27/asdd" "Mozilla/5.0 (Macintosh; Intel Mac OS X 10_10_3) AppleWebKit/537.36 (KHTML, like Gecko) Chrome/42.0.2311.90 Safari/537.36"
::1 - - [Thu, 28 May 2015 07:14:48 GMT] "GET /stylesheets/style.css HTTP/1.1" 304 - "http://localhost:3000/login" "Mozilla/5.0 (Macintosh; Intel Mac OS X 10_10_3) AppleWebKit/537.36 (KHTML, like Gecko) Chrome/42.0.2311.90 Safari/537.36"
::1 - - [Thu, 28 May 2015 07:14:58 GMT] "GET /reg HTTP/1.1" 304 - "http://localhost:3000/login" "Mozilla/5.0 (Macintosh; Intel Mac OS X 10_10_3) AppleWebKit/537.36 (KHTML, like Gecko) Chrome/42.0.2311.90 Safari/537.36"
::1 - - [Thu, 28 May 2015 07:14:58 GMT] "GET /stylesheets/style.css HTTP/1.1" 304 - "http://localhost:3000/reg" "Mozilla/5.0 (Macintosh; Intel Mac OS X 10_10_3) AppleWebKit/537.36 (KHTML, like Gecko) Chrome/42.0.2311.90 Safari/537.36"
::1 - - [Thu, 28 May 2015 07:15:11 GMT] "POST /reg HTTP/1.1" 302 58 "http://localhost:3000/reg" "Mozilla/5.0 (Macintosh; Intel Mac OS X 10_10_3) AppleWebKit/537.36 (KHTML, like Gecko) Chrome/42.0.2311.90 Safari/537.36"
::1 - - [Thu, 28 May 2015 07:15:11 GMT] "GET / HTTP/1.1" 200 1928 "http://localhost:3000/reg" "Mozilla/5.0 (Macintosh; Intel Mac OS X 10_10_3) AppleWebKit/537.36 (KHTML, like Gecko) Chrome/42.0.2311.90 Safari/537.36"
::1 - - [Thu, 28 May 2015 07:15:11 GMT] "GET /stylesheets/style.css HTTP/1.1" 304 - "http://localhost:3000/" "Mozilla/5.0 (Macintosh; Intel Mac OS X 10_10_3) AppleWebKit/537.36 (KHTML, like Gecko) Chrome/42.0.2311.90 Safari/537.36"
::1 - - [Thu, 28 May 2015 07:15:18 GMT] "GET /login HTTP/1.1" 304 - "http://localhost:3000/" "Mozilla/5.0 (Macintosh; Intel Mac OS X 10_10_3) AppleWebKit/537.36 (KHTML, like Gecko) Chrome/42.0.2311.90 Safari/537.36"
::1 - - [Thu, 28 May 2015 07:15:18 GMT] "GET /stylesheets/style.css HTTP/1.1" 304 - "http://localhost:3000/login" "Mozilla/5.0 (Macintosh; Intel Mac OS X 10_10_3) AppleWebKit/537.36 (KHTML, like Gecko) Chrome/42.0.2311.90 Safari/537.36"
::1 - - [Thu, 28 May 2015 07:15:23 GMT] "POST /login HTTP/1.1" 302 58 "http://localhost:3000/login" "Mozilla/5.0 (Macintosh; Intel Mac OS X 10_10_3) AppleWebKit/537.36 (KHTML, like Gecko) Chrome/42.0.2311.90 Safari/537.36"
::1 - - [Thu, 28 May 2015 07:15:23 GMT] "GET / HTTP/1.1" 200 1988 "http://localhost:3000/login" "Mozilla/5.0 (Macintosh; Intel Mac OS X 10_10_3) AppleWebKit/537.36 (KHTML, like Gecko) Chrome/42.0.2311.90 Safari/537.36"
::1 - - [Thu, 28 May 2015 07:15:23 GMT] "GET /stylesheets/style.css HTTP/1.1" 304 - "http://localhost:3000/" "Mozilla/5.0 (Macintosh; Intel Mac OS X 10_10_3) AppleWebKit/537.36 (KHTML, like Gecko) Chrome/42.0.2311.90 Safari/537.36"
::1 - - [Thu, 28 May 2015 07:15:26 GMT] "GET /post HTTP/1.1" 200 1252 "http://localhost:3000/" "Mozilla/5.0 (Macintosh; Intel Mac OS X 10_10_3) AppleWebKit/537.36 (KHTML, like Gecko) Chrome/42.0.2311.90 Safari/537.36"
::1 - - [Thu, 28 May 2015 07:15:26 GMT] "GET /stylesheets/style.css HTTP/1.1" 304 - "http://localhost:3000/post" "Mozilla/5.0 (Macintosh; Intel Mac OS X 10_10_3) AppleWebKit/537.36 (KHTML, like Gecko) Chrome/42.0.2311.90 Safari/537.36"
::1 - - [Thu, 28 May 2015 07:15:34 GMT] "POST /post HTTP/1.1" 302 58 "http://localhost:3000/post" "Mozilla/5.0 (Macintosh; Intel Mac OS X 10_10_3) AppleWebKit/537.36 (KHTML, like Gecko) Chrome/42.0.2311.90 Safari/537.36"
::1 - - [Thu, 28 May 2015 07:15:34 GMT] "GET / HTTP/1.1" 200 2445 "http://localhost:3000/post" "Mozilla/5.0 (Macintosh; Intel Mac OS X 10_10_3) AppleWebKit/537.36 (KHTML, like Gecko) Chrome/42.0.2311.90 Safari/537.36"
::1 - - [Thu, 28 May 2015 07:15:34 GMT] "GET /stylesheets/style.css HTTP/1.1" 304 - "http://localhost:3000/" "Mozilla/5.0 (Macintosh; Intel Mac OS X 10_10_3) AppleWebKit/537.36 (KHTML, like Gecko) Chrome/42.0.2311.90 Safari/537.36"
::1 - - [Thu, 28 May 2015 07:15:34 GMT] "GET /public/images/head.jpg HTTP/1.1" 200 215 "http://localhost:3000/" "Mozilla/5.0 (Macintosh; Intel Mac OS X 10_10_3) AppleWebKit/537.36 (KHTML, like Gecko) Chrome/42.0.2311.90 Safari/537.36"
::1 - - [Thu, 28 May 2015 07:15:36 GMT] "GET /u/aaa/2015-5-28/aaaaaaa HTTP/1.1" 200 1786 "http://localhost:3000/" "Mozilla/5.0 (Macintosh; Intel Mac OS X 10_10_3) AppleWebKit/537.36 (KHTML, like Gecko) Chrome/42.0.2311.90 Safari/537.36"
::1 - - [Thu, 28 May 2015 07:15:36 GMT] "GET /stylesheets/style.css HTTP/1.1" 304 - "http://localhost:3000/u/aaa/2015-5-28/aaaaaaa" "Mozilla/5.0 (Macintosh; Intel Mac OS X 10_10_3) AppleWebKit/537.36 (KHTML, like Gecko) Chrome/42.0.2311.90 Safari/537.36"
::1 - - [Thu, 28 May 2015 07:15:40 GMT] "POST /u/aaa/2015-5-28/aaaaaaa HTTP/1.1" 302 146 "http://localhost:3000/u/aaa/2015-5-28/aaaaaaa" "Mozilla/5.0 (Macintosh; Intel Mac OS X 10_10_3) AppleWebKit/537.36 (KHTML, like Gecko) Chrome/42.0.2311.90 Safari/537.36"
::1 - - [Thu, 28 May 2015 07:15:40 GMT] "GET /u/aaa/2015-5-28/aaaaaaa HTTP/1.1" 200 2046 "http://localhost:3000/u/aaa/2015-5-28/aaaaaaa" "Mozilla/5.0 (Macintosh; Intel Mac OS X 10_10_3) AppleWebKit/537.36 (KHTML, like Gecko) Chrome/42.0.2311.90 Safari/537.36"
::1 - - [Thu, 28 May 2015 07:15:40 GMT] "GET /stylesheets/style.css HTTP/1.1" 304 - "http://localhost:3000/u/aaa/2015-5-28/aaaaaaa" "Mozilla/5.0 (Macintosh; Intel Mac OS X 10_10_3) AppleWebKit/537.36 (KHTML, like Gecko) Chrome/42.0.2311.90 Safari/537.36"
::1 - - [Thu, 28 May 2015 07:15:40 GMT] "GET /u/aaa/public/images/head.jpg HTTP/1.1" 200 215 "http://localhost:3000/u/aaa/2015-5-28/aaaaaaa" "Mozilla/5.0 (Macintosh; Intel Mac OS X 10_10_3) AppleWebKit/537.36 (KHTML, like Gecko) Chrome/42.0.2311.90 Safari/537.36"
::1 - - [Thu, 28 May 2015 07:16:09 GMT] "GET /u/aaa/2015-5-28/aaaaaaa HTTP/1.1" - - "http://localhost:3000/u/aaa/2015-5-28/aaaaaaa" "Mozilla/5.0 (Macintosh; Intel Mac OS X 10_10_3) AppleWebKit/537.36 (KHTML, like Gecko) Chrome/42.0.2311.90 Safari/537.36"
::1 - - [Thu, 28 May 2015 07:16:09 GMT] "GET / HTTP/1.1" 200 932 "http://localhost:3000/u/aaa/2015-5-28/aaaaaaa" "Mozilla/5.0 (Macintosh; Intel Mac OS X 10_10_3) AppleWebKit/537.36 (KHTML, like Gecko) Chrome/42.0.2311.90 Safari/537.36"
::1 - - [Thu, 28 May 2015 07:16:09 GMT] "GET /stylesheets/style.css HTTP/1.1" 304 - "http://localhost:3000/" "Mozilla/5.0 (Macintosh; Intel Mac OS X 10_10_3) AppleWebKit/537.36 (KHTML, like Gecko) Chrome/42.0.2311.90 Safari/537.36"
::1 - - [Thu, 28 May 2015 07:16:11 GMT] "GET / HTTP/1.1" 304 - "http://localhost:3000/u/aaa/2015-5-28/aaaaaaa" "Mozilla/5.0 (Macintosh; Intel Mac OS X 10_10_3) AppleWebKit/537.36 (KHTML, like Gecko) Chrome/42.0.2311.90 Safari/537.36"
::1 - - [Thu, 28 May 2015 07:16:11 GMT] "GET /stylesheets/style.css HTTP/1.1" 304 - "http://localhost:3000/" "Mozilla/5.0 (Macintosh; Intel Mac OS X 10_10_3) AppleWebKit/537.36 (KHTML, like Gecko) Chrome/42.0.2311.90 Safari/537.36"
::1 - - [Thu, 28 May 2015 07:16:14 GMT] "GET /logout HTTP/1.1" 302 58 "http://localhost:3000/" "Mozilla/5.0 (Macintosh; Intel Mac OS X 10_10_3) AppleWebKit/537.36 (KHTML, like Gecko) Chrome/42.0.2311.90 Safari/537.36"
::1 - - [Thu, 28 May 2015 07:16:14 GMT] "GET / HTTP/1.1" 200 910 "http://localhost:3000/" "Mozilla/5.0 (Macintosh; Intel Mac OS X 10_10_3) AppleWebKit/537.36 (KHTML, like Gecko) Chrome/42.0.2311.90 Safari/537.36"
::1 - - [Thu, 28 May 2015 07:16:14 GMT] "GET /stylesheets/style.css HTTP/1.1" 304 - "http://localhost:3000/" "Mozilla/5.0 (Macintosh; Intel Mac OS X 10_10_3) AppleWebKit/537.36 (KHTML, like Gecko) Chrome/42.0.2311.90 Safari/537.36"
::1 - - [Thu, 28 May 2015 07:16:15 GMT] "GET / HTTP/1.1" 200 872 "http://localhost:3000/" "Mozilla/5.0 (Macintosh; Intel Mac OS X 10_10_3) AppleWebKit/537.36 (KHTML, like Gecko) Chrome/42.0.2311.90 Safari/537.36"
::1 - - [Thu, 28 May 2015 07:16:15 GMT] "GET /stylesheets/style.css HTTP/1.1" 304 - "http://localhost:3000/" "Mozilla/5.0 (Macintosh; Intel Mac OS X 10_10_3) AppleWebKit/537.36 (KHTML, like Gecko) Chrome/42.0.2311.90 Safari/537.36"
::1 - - [Thu, 28 May 2015 07:16:19 GMT] "GET /reg HTTP/1.1" 200 1163 "http://localhost:3000/" "Mozilla/5.0 (Macintosh; Intel Mac OS X 10_10_3) AppleWebKit/537.36 (KHTML, like Gecko) Chrome/42.0.2311.90 Safari/537.36"
::1 - - [Thu, 28 May 2015 07:16:19 GMT] "GET /stylesheets/style.css HTTP/1.1" 304 - "http://localhost:3000/reg" "Mozilla/5.0 (Macintosh; Intel Mac OS X 10_10_3) AppleWebKit/537.36 (KHTML, like Gecko) Chrome/42.0.2311.90 Safari/537.36"
::1 - - [Thu, 28 May 2015 07:16:35 GMT] "POST /reg HTTP/1.1" 302 58 "http://localhost:3000/reg" "Mozilla/5.0 (Macintosh; Intel Mac OS X 10_10_3) AppleWebKit/537.36 (KHTML, like Gecko) Chrome/42.0.2311.90 Safari/537.36"
::1 - - [Thu, 28 May 2015 07:16:35 GMT] "GET / HTTP/1.1" 200 910 "http://localhost:3000/reg" "Mozilla/5.0 (Macintosh; Intel Mac OS X 10_10_3) AppleWebKit/537.36 (KHTML, like Gecko) Chrome/42.0.2311.90 Safari/537.36"
::1 - - [Thu, 28 May 2015 07:16:35 GMT] "GET /stylesheets/style.css HTTP/1.1" 304 - "http://localhost:3000/" "Mozilla/5.0 (Macintosh; Intel Mac OS X 10_10_3) AppleWebKit/537.36 (KHTML, like Gecko) Chrome/42.0.2311.90 Safari/537.36"
::1 - - [Thu, 28 May 2015 07:16:37 GMT] "GET /login HTTP/1.1" 200 1028 "http://localhost:3000/" "Mozilla/5.0 (Macintosh; Intel Mac OS X 10_10_3) AppleWebKit/537.36 (KHTML, like Gecko) Chrome/42.0.2311.90 Safari/537.36"
::1 - - [Thu, 28 May 2015 07:16:37 GMT] "GET /stylesheets/style.css HTTP/1.1" 304 - "http://localhost:3000/login" "Mozilla/5.0 (Macintosh; Intel Mac OS X 10_10_3) AppleWebKit/537.36 (KHTML, like Gecko) Chrome/42.0.2311.90 Safari/537.36"
::1 - - [Thu, 28 May 2015 07:16:38 GMT] "GET /login HTTP/1.1" 304 - "http://localhost:3000/login" "Mozilla/5.0 (Macintosh; Intel Mac OS X 10_10_3) AppleWebKit/537.36 (KHTML, like Gecko) Chrome/42.0.2311.90 Safari/537.36"
::1 - - [Thu, 28 May 2015 07:16:38 GMT] "GET /stylesheets/style.css HTTP/1.1" 304 - "http://localhost:3000/login" "Mozilla/5.0 (Macintosh; Intel Mac OS X 10_10_3) AppleWebKit/537.36 (KHTML, like Gecko) Chrome/42.0.2311.90 Safari/537.36"
::1 - - [Thu, 28 May 2015 07:16:44 GMT] "POST /login HTTP/1.1" 302 58 "http://localhost:3000/login" "Mozilla/5.0 (Macintosh; Intel Mac OS X 10_10_3) AppleWebKit/537.36 (KHTML, like Gecko) Chrome/42.0.2311.90 Safari/537.36"
::1 - - [Thu, 28 May 2015 07:16:44 GMT] "GET / HTTP/1.1" 200 970 "http://localhost:3000/login" "Mozilla/5.0 (Macintosh; Intel Mac OS X 10_10_3) AppleWebKit/537.36 (KHTML, like Gecko) Chrome/42.0.2311.90 Safari/537.36"
::1 - - [Thu, 28 May 2015 07:16:44 GMT] "GET /stylesheets/style.css HTTP/1.1" 304 - "http://localhost:3000/" "Mozilla/5.0 (Macintosh; Intel Mac OS X 10_10_3) AppleWebKit/537.36 (KHTML, like Gecko) Chrome/42.0.2311.90 Safari/537.36"
::1 - - [Thu, 28 May 2015 07:16:47 GMT] "GET /post HTTP/1.1" 200 1252 "http://localhost:3000/" "Mozilla/5.0 (Macintosh; Intel Mac OS X 10_10_3) AppleWebKit/537.36 (KHTML, like Gecko) Chrome/42.0.2311.90 Safari/537.36"
::1 - - [Thu, 28 May 2015 07:16:47 GMT] "GET /stylesheets/style.css HTTP/1.1" 304 - "http://localhost:3000/post" "Mozilla/5.0 (Macintosh; Intel Mac OS X 10_10_3) AppleWebKit/537.36 (KHTML, like Gecko) Chrome/42.0.2311.90 Safari/537.36"
::1 - - [Thu, 28 May 2015 07:16:55 GMT] "POST /post HTTP/1.1" 302 58 "http://localhost:3000/post" "Mozilla/5.0 (Macintosh; Intel Mac OS X 10_10_3) AppleWebKit/537.36 (KHTML, like Gecko) Chrome/42.0.2311.90 Safari/537.36"
::1 - - [Thu, 28 May 2015 07:16:55 GMT] "GET / HTTP/1.1" 200 1444 "http://localhost:3000/post" "Mozilla/5.0 (Macintosh; Intel Mac OS X 10_10_3) AppleWebKit/537.36 (KHTML, like Gecko) Chrome/42.0.2311.90 Safari/537.36"
::1 - - [Thu, 28 May 2015 07:16:55 GMT] "GET /stylesheets/style.css HTTP/1.1" 304 - "http://localhost:3000/" "Mozilla/5.0 (Macintosh; Intel Mac OS X 10_10_3) AppleWebKit/537.36 (KHTML, like Gecko) Chrome/42.0.2311.90 Safari/537.36"
::1 - - [Thu, 28 May 2015 07:16:55 GMT] "GET /public/images/head.jpg HTTP/1.1" 304 - "http://localhost:3000/" "Mozilla/5.0 (Macintosh; Intel Mac OS X 10_10_3) AppleWebKit/537.36 (KHTML, like Gecko) Chrome/42.0.2311.90 Safari/537.36"
::1 - - [Thu, 28 May 2015 07:20:33 GMT] "GET /u/admin HTTP/1.1" 200 1406 "http://localhost:3000/" "Mozilla/5.0 (Macintosh; Intel Mac OS X 10_10_3) AppleWebKit/537.36 (KHTML, like Gecko) Chrome/42.0.2311.90 Safari/537.36"
::1 - - [Thu, 28 May 2015 07:20:33 GMT] "GET /stylesheets/style.css HTTP/1.1" 304 - "http://localhost:3000/u/admin" "Mozilla/5.0 (Macintosh; Intel Mac OS X 10_10_3) AppleWebKit/537.36 (KHTML, like Gecko) Chrome/42.0.2311.90 Safari/537.36"
::1 - - [Thu, 28 May 2015 07:20:33 GMT] "GET /public/images/head.jpg HTTP/1.1" 304 - "http://localhost:3000/u/admin" "Mozilla/5.0 (Macintosh; Intel Mac OS X 10_10_3) AppleWebKit/537.36 (KHTML, like Gecko) Chrome/42.0.2311.90 Safari/537.36"
::1 - - [Thu, 28 May 2015 07:20:52 GMT] "GET /public/images/head.jpg HTTP/1.1" 304 - "-" "Mozilla/5.0 (Macintosh; Intel Mac OS X 10_10_3) AppleWebKit/537.36 (KHTML, like Gecko) Chrome/42.0.2311.90 Safari/537.36"
::1 - - [Thu, 28 May 2015 07:20:53 GMT] "GET /public/images/head.jpg HTTP/1.1" 304 - "-" "Mozilla/5.0 (Macintosh; Intel Mac OS X 10_10_3) AppleWebKit/537.36 (KHTML, like Gecko) Chrome/42.0.2311.90 Safari/537.36"
::1 - - [Thu, 28 May 2015 07:20:58 GMT] "GET /public/images/head.jpg HTTP/1.1" 304 - "-" "Mozilla/5.0 (Macintosh; Intel Mac OS X 10_10_3) AppleWebKit/537.36 (KHTML, like Gecko) Chrome/42.0.2311.90 Safari/537.36"
::1 - - [Thu, 28 May 2015 07:22:12 GMT] "GET / HTTP/1.1" 200 1406 "-" "Mozilla/5.0 (Macintosh; Intel Mac OS X 10_10_3) AppleWebKit/537.36 (KHTML, like Gecko) Chrome/42.0.2311.90 Safari/537.36"
::1 - - [Thu, 28 May 2015 07:22:12 GMT] "GET /stylesheets/style.css HTTP/1.1" 304 - "http://localhost:3000/" "Mozilla/5.0 (Macintosh; Intel Mac OS X 10_10_3) AppleWebKit/537.36 (KHTML, like Gecko) Chrome/42.0.2311.90 Safari/537.36"
::1 - - [Thu, 28 May 2015 07:22:12 GMT] "GET /public/images/head.jpg HTTP/1.1" 304 - "http://localhost:3000/" "Mozilla/5.0 (Macintosh; Intel Mac OS X 10_10_3) AppleWebKit/537.36 (KHTML, like Gecko) Chrome/42.0.2311.90 Safari/537.36"
::1 - - [Thu, 28 May 2015 07:22:20 GMT] "GET /stylesheets/style.css HTTP/1.1" 304 - "http://localhost:3000/" "Mozilla/5.0 (Macintosh; Intel Mac OS X 10_10_3) AppleWebKit/537.36 (KHTML, like Gecko) Chrome/42.0.2311.90 Safari/537.36"
::1 - - [Thu, 28 May 2015 07:22:55 GMT] "GET /tags/sadaas HTTP/1.1" 200 1083 "http://localhost:3000/" "Mozilla/5.0 (Macintosh; Intel Mac OS X 10_10_3) AppleWebKit/537.36 (KHTML, like Gecko) Chrome/42.0.2311.90 Safari/537.36"
::1 - - [Thu, 28 May 2015 07:22:56 GMT] "GET /stylesheets/style.css HTTP/1.1" 304 - "http://localhost:3000/tags/sadaas" "Mozilla/5.0 (Macintosh; Intel Mac OS X 10_10_3) AppleWebKit/537.36 (KHTML, like Gecko) Chrome/42.0.2311.90 Safari/537.36"
::1 - - [Thu, 28 May 2015 07:22:58 GMT] "GET / HTTP/1.1" 304 - "http://localhost:3000/tags/sadaas" "Mozilla/5.0 (Macintosh; Intel Mac OS X 10_10_3) AppleWebKit/537.36 (KHTML, like Gecko) Chrome/42.0.2311.90 Safari/537.36"
::1 - - [Thu, 28 May 2015 07:22:58 GMT] "GET /stylesheets/style.css HTTP/1.1" 304 - "http://localhost:3000/" "Mozilla/5.0 (Macintosh; Intel Mac OS X 10_10_3) AppleWebKit/537.36 (KHTML, like Gecko) Chrome/42.0.2311.90 Safari/537.36"
::1 - - [Thu, 28 May 2015 07:22:58 GMT] "GET /public/images/head.jpg HTTP/1.1" 304 - "http://localhost:3000/" "Mozilla/5.0 (Macintosh; Intel Mac OS X 10_10_3) AppleWebKit/537.36 (KHTML, like Gecko) Chrome/42.0.2311.90 Safari/537.36"
::1 - - [Thu, 28 May 2015 07:24:49 GMT] "GET /public/images/head.jpg HTTP/1.1" 304 - "-" "Mozilla/5.0 (Macintosh; Intel Mac OS X 10_10_3) AppleWebKit/537.36 (KHTML, like Gecko) Chrome/42.0.2311.90 Safari/537.36"
::1 - - [Thu, 28 May 2015 07:38:40 GMT] "GET / HTTP/1.1" 200 932 "http://localhost:3000/u/admin" "Mozilla/5.0 (Macintosh; Intel Mac OS X 10_10_3) AppleWebKit/537.36 (KHTML, like Gecko) Chrome/42.0.2311.90 Safari/537.36"
::1 - - [Thu, 28 May 2015 07:38:41 GMT] "GET /public/images/head.jpg HTTP/1.1" 304 - "-" "Mozilla/5.0 (Macintosh; Intel Mac OS X 10_10_3) AppleWebKit/537.36 (KHTML, like Gecko) Chrome/42.0.2311.90 Safari/537.36"
::1 - - [Thu, 28 May 2015 07:38:41 GMT] "GET /stylesheets/style.css HTTP/1.1" 304 - "http://localhost:3000/" "Mozilla/5.0 (Macintosh; Intel Mac OS X 10_10_3) AppleWebKit/537.36 (KHTML, like Gecko) Chrome/42.0.2311.90 Safari/537.36"
::1 - - [Thu, 28 May 2015 07:38:43 GMT] "GET /logout HTTP/1.1" 302 58 "http://localhost:3000/" "Mozilla/5.0 (Macintosh; Intel Mac OS X 10_10_3) AppleWebKit/537.36 (KHTML, like Gecko) Chrome/42.0.2311.90 Safari/537.36"
::1 - - [Thu, 28 May 2015 07:38:43 GMT] "GET / HTTP/1.1" 200 910 "http://localhost:3000/" "Mozilla/5.0 (Macintosh; Intel Mac OS X 10_10_3) AppleWebKit/537.36 (KHTML, like Gecko) Chrome/42.0.2311.90 Safari/537.36"
::1 - - [Thu, 28 May 2015 07:38:43 GMT] "GET /stylesheets/style.css HTTP/1.1" 304 - "http://localhost:3000/" "Mozilla/5.0 (Macintosh; Intel Mac OS X 10_10_3) AppleWebKit/537.36 (KHTML, like Gecko) Chrome/42.0.2311.90 Safari/537.36"
::1 - - [Thu, 28 May 2015 07:38:45 GMT] "GET /login HTTP/1.1" 200 1028 "http://localhost:3000/" "Mozilla/5.0 (Macintosh; Intel Mac OS X 10_10_3) AppleWebKit/537.36 (KHTML, like Gecko) Chrome/42.0.2311.90 Safari/537.36"
::1 - - [Thu, 28 May 2015 07:38:45 GMT] "GET /stylesheets/style.css HTTP/1.1" 304 - "http://localhost:3000/login" "Mozilla/5.0 (Macintosh; Intel Mac OS X 10_10_3) AppleWebKit/537.36 (KHTML, like Gecko) Chrome/42.0.2311.90 Safari/537.36"
::1 - - [Thu, 28 May 2015 07:38:46 GMT] "GET /reg HTTP/1.1" 200 1163 "http://localhost:3000/login" "Mozilla/5.0 (Macintosh; Intel Mac OS X 10_10_3) AppleWebKit/537.36 (KHTML, like Gecko) Chrome/42.0.2311.90 Safari/537.36"
::1 - - [Thu, 28 May 2015 07:38:46 GMT] "GET /stylesheets/style.css HTTP/1.1" 304 - "http://localhost:3000/reg" "Mozilla/5.0 (Macintosh; Intel Mac OS X 10_10_3) AppleWebKit/537.36 (KHTML, like Gecko) Chrome/42.0.2311.90 Safari/537.36"
::1 - - [Thu, 28 May 2015 07:39:05 GMT] "POST /reg HTTP/1.1" 302 58 "http://localhost:3000/reg" "Mozilla/5.0 (Macintosh; Intel Mac OS X 10_10_3) AppleWebKit/537.36 (KHTML, like Gecko) Chrome/42.0.2311.90 Safari/537.36"
::1 - - [Thu, 28 May 2015 07:39:05 GMT] "GET / HTTP/1.1" 200 910 "http://localhost:3000/reg" "Mozilla/5.0 (Macintosh; Intel Mac OS X 10_10_3) AppleWebKit/537.36 (KHTML, like Gecko) Chrome/42.0.2311.90 Safari/537.36"
::1 - - [Thu, 28 May 2015 07:39:05 GMT] "GET /stylesheets/style.css HTTP/1.1" 304 - "http://localhost:3000/" "Mozilla/5.0 (Macintosh; Intel Mac OS X 10_10_3) AppleWebKit/537.36 (KHTML, like Gecko) Chrome/42.0.2311.90 Safari/537.36"
::1 - - [Thu, 28 May 2015 07:39:08 GMT] "GET /login HTTP/1.1" 304 - "http://localhost:3000/" "Mozilla/5.0 (Macintosh; Intel Mac OS X 10_10_3) AppleWebKit/537.36 (KHTML, like Gecko) Chrome/42.0.2311.90 Safari/537.36"
::1 - - [Thu, 28 May 2015 07:39:08 GMT] "GET /stylesheets/style.css HTTP/1.1" 304 - "http://localhost:3000/login" "Mozilla/5.0 (Macintosh; Intel Mac OS X 10_10_3) AppleWebKit/537.36 (KHTML, like Gecko) Chrome/42.0.2311.90 Safari/537.36"
::1 - - [Thu, 28 May 2015 07:39:12 GMT] "POST /login HTTP/1.1" 302 58 "http://localhost:3000/login" "Mozilla/5.0 (Macintosh; Intel Mac OS X 10_10_3) AppleWebKit/537.36 (KHTML, like Gecko) Chrome/42.0.2311.90 Safari/537.36"
::1 - - [Thu, 28 May 2015 07:39:12 GMT] "GET / HTTP/1.1" 200 970 "http://localhost:3000/login" "Mozilla/5.0 (Macintosh; Intel Mac OS X 10_10_3) AppleWebKit/537.36 (KHTML, like Gecko) Chrome/42.0.2311.90 Safari/537.36"
::1 - - [Thu, 28 May 2015 07:39:13 GMT] "GET /stylesheets/style.css HTTP/1.1" 304 - "http://localhost:3000/" "Mozilla/5.0 (Macintosh; Intel Mac OS X 10_10_3) AppleWebKit/537.36 (KHTML, like Gecko) Chrome/42.0.2311.90 Safari/537.36"
::1 - - [Thu, 28 May 2015 07:39:16 GMT] "GET /post HTTP/1.1" 200 1252 "http://localhost:3000/" "Mozilla/5.0 (Macintosh; Intel Mac OS X 10_10_3) AppleWebKit/537.36 (KHTML, like Gecko) Chrome/42.0.2311.90 Safari/537.36"
::1 - - [Thu, 28 May 2015 07:39:16 GMT] "GET /stylesheets/style.css HTTP/1.1" 304 - "http://localhost:3000/post" "Mozilla/5.0 (Macintosh; Intel Mac OS X 10_10_3) AppleWebKit/537.36 (KHTML, like Gecko) Chrome/42.0.2311.90 Safari/537.36"
::1 - - [Thu, 28 May 2015 07:39:22 GMT] "POST /post HTTP/1.1" 302 58 "http://localhost:3000/post" "Mozilla/5.0 (Macintosh; Intel Mac OS X 10_10_3) AppleWebKit/537.36 (KHTML, like Gecko) Chrome/42.0.2311.90 Safari/537.36"
::1 - - [Thu, 28 May 2015 07:39:22 GMT] "GET / HTTP/1.1" 200 1443 "http://localhost:3000/post" "Mozilla/5.0 (Macintosh; Intel Mac OS X 10_10_3) AppleWebKit/537.36 (KHTML, like Gecko) Chrome/42.0.2311.90 Safari/537.36"
::1 - - [Thu, 28 May 2015 07:39:22 GMT] "GET /stylesheets/style.css HTTP/1.1" 304 - "http://localhost:3000/" "Mozilla/5.0 (Macintosh; Intel Mac OS X 10_10_3) AppleWebKit/537.36 (KHTML, like Gecko) Chrome/42.0.2311.90 Safari/537.36"
::1 - - [Thu, 28 May 2015 07:39:22 GMT] "GET /public/images/head.jpg HTTP/1.1" 304 - "http://localhost:3000/" "Mozilla/5.0 (Macintosh; Intel Mac OS X 10_10_3) AppleWebKit/537.36 (KHTML, like Gecko) Chrome/42.0.2311.90 Safari/537.36"
::1 - - [Thu, 28 May 2015 07:39:49 GMT] "GET /u/admin/2015-5-28/vzvcxv HTTP/1.1" 200 1806 "http://localhost:3000/" "Mozilla/5.0 (Macintosh; Intel Mac OS X 10_10_3) AppleWebKit/537.36 (KHTML, like Gecko) Chrome/42.0.2311.90 Safari/537.36"
::1 - - [Thu, 28 May 2015 07:39:49 GMT] "GET /stylesheets/style.css HTTP/1.1" 304 - "http://localhost:3000/u/admin/2015-5-28/vzvcxv" "Mozilla/5.0 (Macintosh; Intel Mac OS X 10_10_3) AppleWebKit/537.36 (KHTML, like Gecko) Chrome/42.0.2311.90 Safari/537.36"
::1 - - [Thu, 28 May 2015 07:40:04 GMT] "GET /u/admin HTTP/1.1" 200 1405 "http://localhost:3000/u/admin/2015-5-28/vzvcxv" "Mozilla/5.0 (Macintosh; Intel Mac OS X 10_10_3) AppleWebKit/537.36 (KHTML, like Gecko) Chrome/42.0.2311.90 Safari/537.36"
::1 - - [Thu, 28 May 2015 07:40:04 GMT] "GET /stylesheets/style.css HTTP/1.1" 304 - "http://localhost:3000/u/admin" "Mozilla/5.0 (Macintosh; Intel Mac OS X 10_10_3) AppleWebKit/537.36 (KHTML, like Gecko) Chrome/42.0.2311.90 Safari/537.36"
::1 - - [Thu, 28 May 2015 07:40:05 GMT] "GET /u/admin/2015-5-28/vzvcxv HTTP/1.1" 200 1806 "http://localhost:3000/u/admin" "Mozilla/5.0 (Macintosh; Intel Mac OS X 10_10_3) AppleWebKit/537.36 (KHTML, like Gecko) Chrome/42.0.2311.90 Safari/537.36"
::1 - - [Thu, 28 May 2015 07:40:05 GMT] "GET /u/public/images/head.jpg HTTP/1.1" - - "http://localhost:3000/u/admin" "Mozilla/5.0 (Macintosh; Intel Mac OS X 10_10_3) AppleWebKit/537.36 (KHTML, like Gecko) Chrome/42.0.2311.90 Safari/537.36"
::1 - - [Thu, 28 May 2015 07:40:06 GMT] "GET /stylesheets/style.css HTTP/1.1" 304 - "http://localhost:3000/u/admin/2015-5-28/vzvcxv" "Mozilla/5.0 (Macintosh; Intel Mac OS X 10_10_3) AppleWebKit/537.36 (KHTML, like Gecko) Chrome/42.0.2311.90 Safari/537.36"
::1 - - [Thu, 28 May 2015 07:40:07 GMT] "GET / HTTP/1.1" 200 1405 "http://localhost:3000/u/admin/2015-5-28/vzvcxv" "Mozilla/5.0 (Macintosh; Intel Mac OS X 10_10_3) AppleWebKit/537.36 (KHTML, like Gecko) Chrome/42.0.2311.90 Safari/537.36"
::1 - - [Thu, 28 May 2015 07:40:07 GMT] "GET /stylesheets/style.css HTTP/1.1" 304 - "http://localhost:3000/" "Mozilla/5.0 (Macintosh; Intel Mac OS X 10_10_3) AppleWebKit/537.36 (KHTML, like Gecko) Chrome/42.0.2311.90 Safari/537.36"
::1 - - [Thu, 28 May 2015 07:40:08 GMT] "GET /public/images/head.jpg HTTP/1.1" 304 - "http://localhost:3000/" "Mozilla/5.0 (Macintosh; Intel Mac OS X 10_10_3) AppleWebKit/537.36 (KHTML, like Gecko) Chrome/42.0.2311.90 Safari/537.36"
::1 - - [Thu, 28 May 2015 07:40:10 GMT] "GET /u/admin/2015-5-28/vzvcxv HTTP/1.1" 200 1806 "http://localhost:3000/" "Mozilla/5.0 (Macintosh; Intel Mac OS X 10_10_3) AppleWebKit/537.36 (KHTML, like Gecko) Chrome/42.0.2311.90 Safari/537.36"
::1 - - [Thu, 28 May 2015 07:40:10 GMT] "GET /stylesheets/style.css HTTP/1.1" 304 - "http://localhost:3000/u/admin/2015-5-28/vzvcxv" "Mozilla/5.0 (Macintosh; Intel Mac OS X 10_10_3) AppleWebKit/537.36 (KHTML, like Gecko) Chrome/42.0.2311.90 Safari/537.36"
::1 - - [Thu, 28 May 2015 07:44:06 GMT] "GET /tags/xcvzxcxc HTTP/1.1" 200 1081 "http://localhost:3000/u/admin/2015-5-28/vzvcxv" "Mozilla/5.0 (Macintosh; Intel Mac OS X 10_10_3) AppleWebKit/537.36 (KHTML, like Gecko) Chrome/42.0.2311.90 Safari/537.36"
::1 - - [Thu, 28 May 2015 07:44:06 GMT] "GET /stylesheets/style.css HTTP/1.1" 304 - "http://localhost:3000/tags/xcvzxcxc" "Mozilla/5.0 (Macintosh; Intel Mac OS X 10_10_3) AppleWebKit/537.36 (KHTML, like Gecko) Chrome/42.0.2311.90 Safari/537.36"
::1 - - [Thu, 28 May 2015 07:44:10 GMT] "GET /u/admin/2015-5-28/vzvcxv HTTP/1.1" 200 1806 "http://localhost:3000/tags/xcvzxcxc" "Mozilla/5.0 (Macintosh; Intel Mac OS X 10_10_3) AppleWebKit/537.36 (KHTML, like Gecko) Chrome/42.0.2311.90 Safari/537.36"
::1 - - [Thu, 28 May 2015 07:44:10 GMT] "GET /stylesheets/style.css HTTP/1.1" 304 - "http://localhost:3000/u/admin/2015-5-28/vzvcxv" "Mozilla/5.0 (Macintosh; Intel Mac OS X 10_10_3) AppleWebKit/537.36 (KHTML, like Gecko) Chrome/42.0.2311.90 Safari/537.36"
::1 - - [Thu, 28 May 2015 07:50:30 GMT] "GET / HTTP/1.1" 200 1405 "http://localhost:3000/u/admin/2015-5-28/vzvcxv" "Mozilla/5.0 (Macintosh; Intel Mac OS X 10_10_3) AppleWebKit/537.36 (KHTML, like Gecko) Chrome/42.0.2311.90 Safari/537.36"
::1 - - [Thu, 28 May 2015 07:50:31 GMT] "GET /stylesheets/style.css HTTP/1.1" 304 - "http://localhost:3000/" "Mozilla/5.0 (Macintosh; Intel Mac OS X 10_10_3) AppleWebKit/537.36 (KHTML, like Gecko) Chrome/42.0.2311.90 Safari/537.36"
::1 - - [Thu, 28 May 2015 07:50:31 GMT] "GET /public/images/head.jpg HTTP/1.1" 304 - "http://localhost:3000/" "Mozilla/5.0 (Macintosh; Intel Mac OS X 10_10_3) AppleWebKit/537.36 (KHTML, like Gecko) Chrome/42.0.2311.90 Safari/537.36"
::1 - - [Thu, 28 May 2015 07:51:16 GMT] "GET /u/admin/2015-5-28/vzvcxv HTTP/1.1" 200 1806 "http://localhost:3000/" "Mozilla/5.0 (Macintosh; Intel Mac OS X 10_10_3) AppleWebKit/537.36 (KHTML, like Gecko) Chrome/42.0.2311.90 Safari/537.36"
::1 - - [Thu, 28 May 2015 07:51:16 GMT] "GET /stylesheets/style.css HTTP/1.1" 304 - "http://localhost:3000/u/admin/2015-5-28/vzvcxv" "Mozilla/5.0 (Macintosh; Intel Mac OS X 10_10_3) AppleWebKit/537.36 (KHTML, like Gecko) Chrome/42.0.2311.90 Safari/537.36"
::1 - - [Thu, 28 May 2015 07:51:41 GMT] "POST /u/admin/2015-5-28/vzvcxv HTTP/1.1" 302 148 "http://localhost:3000/u/admin/2015-5-28/vzvcxv" "Mozilla/5.0 (Macintosh; Intel Mac OS X 10_10_3) AppleWebKit/537.36 (KHTML, like Gecko) Chrome/42.0.2311.90 Safari/537.36"
::1 - - [Thu, 28 May 2015 07:51:41 GMT] "GET /u/admin/2015-5-28/vzvcxv HTTP/1.1" 200 2084 "http://localhost:3000/u/admin/2015-5-28/vzvcxv" "Mozilla/5.0 (Macintosh; Intel Mac OS X 10_10_3) AppleWebKit/537.36 (KHTML, like Gecko) Chrome/42.0.2311.90 Safari/537.36"
::1 - - [Thu, 28 May 2015 07:51:41 GMT] "GET /stylesheets/style.css HTTP/1.1" 304 - "http://localhost:3000/u/admin/2015-5-28/vzvcxv" "Mozilla/5.0 (Macintosh; Intel Mac OS X 10_10_3) AppleWebKit/537.36 (KHTML, like Gecko) Chrome/42.0.2311.90 Safari/537.36"
::1 - - [Thu, 28 May 2015 07:51:41 GMT] "GET /u/admin/2015-5-28/public/images/head.jpg HTTP/1.1" 200 215 "http://localhost:3000/u/admin/2015-5-28/vzvcxv" "Mozilla/5.0 (Macintosh; Intel Mac OS X 10_10_3) AppleWebKit/537.36 (KHTML, like Gecko) Chrome/42.0.2311.90 Safari/537.36"
::1 - - [Thu, 28 May 2015 08:06:15 GMT] "GET / HTTP/1.1" 200 1419 "http://localhost:3000/u/admin/2015-5-28/vzvcxv" "Mozilla/5.0 (Macintosh; Intel Mac OS X 10_10_3) AppleWebKit/537.36 (KHTML, like Gecko) Chrome/42.0.2311.90 Safari/537.36"
::1 - - [Thu, 28 May 2015 08:06:15 GMT] "GET /stylesheets/style.css HTTP/1.1" 304 - "http://localhost:3000/" "Mozilla/5.0 (Macintosh; Intel Mac OS X 10_10_3) AppleWebKit/537.36 (KHTML, like Gecko) Chrome/42.0.2311.90 Safari/537.36"
::1 - - [Thu, 28 May 2015 08:06:15 GMT] "GET /public/images/head.jpg HTTP/1.1" 304 - "http://localhost:3000/" "Mozilla/5.0 (Macintosh; Intel Mac OS X 10_10_3) AppleWebKit/537.36 (KHTML, like Gecko) Chrome/42.0.2311.90 Safari/537.36"
::1 - - [Thu, 28 May 2015 08:09:41 GMT] "GET / HTTP/1.1" 304 - "http://localhost:3000/u/admin/2015-5-28/vzvcxv" "Mozilla/5.0 (Macintosh; Intel Mac OS X 10_10_3) AppleWebKit/537.36 (KHTML, like Gecko) Chrome/42.0.2311.90 Safari/537.36"
::1 - - [Thu, 28 May 2015 08:09:41 GMT] "GET /stylesheets/style.css HTTP/1.1" 304 - "http://localhost:3000/" "Mozilla/5.0 (Macintosh; Intel Mac OS X 10_10_3) AppleWebKit/537.36 (KHTML, like Gecko) Chrome/42.0.2311.90 Safari/537.36"
::1 - - [Thu, 28 May 2015 08:09:41 GMT] "GET /public/images/head.jpg HTTP/1.1" 304 - "http://localhost:3000/" "Mozilla/5.0 (Macintosh; Intel Mac OS X 10_10_3) AppleWebKit/537.36 (KHTML, like Gecko) Chrome/42.0.2311.90 Safari/537.36"
::1 - - [Thu, 28 May 2015 08:09:44 GMT] "GET /u/admin/2015-5-28/vzvcxv HTTP/1.1" 200 2058 "http://localhost:3000/" "Mozilla/5.0 (Macintosh; Intel Mac OS X 10_10_3) AppleWebKit/537.36 (KHTML, like Gecko) Chrome/42.0.2311.90 Safari/537.36"
::1 - - [Thu, 28 May 2015 08:09:44 GMT] "GET /stylesheets/style.css HTTP/1.1" 304 - "http://localhost:3000/u/admin/2015-5-28/vzvcxv" "Mozilla/5.0 (Macintosh; Intel Mac OS X 10_10_3) AppleWebKit/537.36 (KHTML, like Gecko) Chrome/42.0.2311.90 Safari/537.36"
::1 - - [Thu, 28 May 2015 08:09:44 GMT] "GET /u/admin/2015-5-28/public/images/head.jpg HTTP/1.1" 304 - "http://localhost:3000/u/admin/2015-5-28/vzvcxv" "Mozilla/5.0 (Macintosh; Intel Mac OS X 10_10_3) AppleWebKit/537.36 (KHTML, like Gecko) Chrome/42.0.2311.90 Safari/537.36"
::1 - - [Thu, 28 May 2015 08:09:50 GMT] "GET / HTTP/1.1" 200 1419 "http://localhost:3000/u/admin/2015-5-28/vzvcxv" "Mozilla/5.0 (Macintosh; Intel Mac OS X 10_10_3) AppleWebKit/537.36 (KHTML, like Gecko) Chrome/42.0.2311.90 Safari/537.36"
::1 - - [Thu, 28 May 2015 08:09:50 GMT] "GET /stylesheets/style.css HTTP/1.1" 304 - "http://localhost:3000/" "Mozilla/5.0 (Macintosh; Intel Mac OS X 10_10_3) AppleWebKit/537.36 (KHTML, like Gecko) Chrome/42.0.2311.90 Safari/537.36"
::1 - - [Thu, 28 May 2015 08:09:50 GMT] "GET /public/images/head.jpg HTTP/1.1" 304 - "http://localhost:3000/" "Mozilla/5.0 (Macintosh; Intel Mac OS X 10_10_3) AppleWebKit/537.36 (KHTML, like Gecko) Chrome/42.0.2311.90 Safari/537.36"
